2021-03-08 19:09:38,640 - INFO - allennlp.common.params - include_in_archive = None
2021-03-08 19:09:38,640 - INFO - allennlp.common.params - random_seed = 15270
2021-03-08 19:09:38,640 - INFO - allennlp.common.params - numpy_seed = 152
2021-03-08 19:09:38,640 - INFO - allennlp.common.params - pytorch_seed = 1527
2021-03-08 19:09:38,677 - INFO - allennlp.common.checks - Pytorch version: 1.7.1
2021-03-08 19:09:38,677 - INFO - allennlp.common.params - type = default
2021-03-08 19:09:38,678 - INFO - allennlp.common.params - dataset_reader.type = SeqClassificationReader
2021-03-08 19:09:38,678 - INFO - allennlp.common.params - dataset_reader.token_indexers.bert.type = pretrained_transformer
2021-03-08 19:09:38,678 - INFO - allennlp.common.params - dataset_reader.token_indexers.bert.token_min_padding_length = 0
2021-03-08 19:09:38,678 - INFO - allennlp.common.params - dataset_reader.token_indexers.bert.model_name = allenai/scibert_scivocab_uncased
2021-03-08 19:09:38,678 - INFO - allennlp.common.params - dataset_reader.token_indexers.bert.namespace = tags
2021-03-08 19:09:38,678 - INFO - allennlp.common.params - dataset_reader.token_indexers.bert.max_length = None
2021-03-08 19:09:38,679 - INFO - allennlp.common.params - dataset_reader.token_indexers.bert.tokenizer_kwargs.truncation_strategy = do_not_truncate
2021-03-08 19:09:39,410 - INFO - allennlp.common.params - dataset_reader.tokenizer.type = pretrained_transformer
2021-03-08 19:09:39,410 - INFO - allennlp.common.params - dataset_reader.tokenizer.model_name = allenai/scibert_scivocab_uncased
2021-03-08 19:09:39,410 - INFO - allennlp.common.params - dataset_reader.tokenizer.add_special_tokens = True
2021-03-08 19:09:39,410 - INFO - allennlp.common.params - dataset_reader.tokenizer.max_length = None
2021-03-08 19:09:39,411 - INFO - allennlp.common.params - dataset_reader.tokenizer.stride = 0
2021-03-08 19:09:39,411 - INFO - allennlp.common.params - dataset_reader.tokenizer.tokenizer_kwargs.truncation_strategy = do_not_truncate
2021-03-08 19:09:39,412 - INFO - allennlp.common.params - dataset_reader.sent_max_len = 80
2021-03-08 19:09:39,412 - INFO - allennlp.common.params - dataset_reader.max_sent_per_example = 10
2021-03-08 19:09:39,412 - INFO - allennlp.common.params - dataset_reader.use_sep = True
2021-03-08 19:09:39,412 - INFO - allennlp.common.params - dataset_reader.sci_sum = False
2021-03-08 19:09:39,412 - INFO - allennlp.common.params - dataset_reader.use_abstract_scores = 0
2021-03-08 19:09:39,412 - INFO - allennlp.common.params - dataset_reader.sci_sum_fake_scores = 0
2021-03-08 19:09:39,412 - INFO - allennlp.common.params - dataset_reader.predict = False
2021-03-08 19:09:39,412 - INFO - allennlp.common.params - train_data_path = data/CSAbstruct/train.jsonl
2021-03-08 19:09:39,413 - INFO - allennlp.common.params - vocabulary = <allennlp.common.lazy.Lazy object at 0x7f294b335410>
2021-03-08 19:09:39,413 - INFO - allennlp.common.params - datasets_for_vocab_creation = None
2021-03-08 19:09:39,413 - INFO - allennlp.common.params - validation_dataset_reader = None
2021-03-08 19:09:39,413 - INFO - allennlp.common.params - validation_data_path = data/CSAbstruct/dev.jsonl
2021-03-08 19:09:39,413 - INFO - allennlp.common.params - validation_data_loader = None
2021-03-08 19:09:39,413 - INFO - allennlp.common.params - test_data_path = data/CSAbstruct/test.jsonl
2021-03-08 19:09:39,413 - INFO - allennlp.common.params - evaluate_on_test = True
2021-03-08 19:09:39,413 - INFO - allennlp.common.params - batch_weight_key = 
2021-03-08 19:09:39,414 - INFO - allennlp.common.params - data_loader.type = multiprocess
2021-03-08 19:09:39,414 - INFO - allennlp.common.params - data_loader.batch_size = 4
2021-03-08 19:09:39,414 - INFO - allennlp.common.params - data_loader.drop_last = False
2021-03-08 19:09:39,414 - INFO - allennlp.common.params - data_loader.shuffle = True
2021-03-08 19:09:39,414 - INFO - allennlp.common.params - data_loader.batch_sampler = None
2021-03-08 19:09:39,414 - INFO - allennlp.common.params - data_loader.batches_per_epoch = None
2021-03-08 19:09:39,414 - INFO - allennlp.common.params - data_loader.num_workers = 0
2021-03-08 19:09:39,415 - INFO - allennlp.common.params - data_loader.max_instances_in_memory = None
2021-03-08 19:09:39,415 - INFO - allennlp.common.params - data_loader.start_method = fork
2021-03-08 19:09:39,415 - INFO - allennlp.common.params - data_loader.cuda_device = None
loading instances: 1668it [00:11, 148.94it/s]
2021-03-08 19:09:50,615 - INFO - allennlp.common.params - data_loader.type = multiprocess
2021-03-08 19:09:50,615 - INFO - allennlp.common.params - data_loader.batch_size = 4
2021-03-08 19:09:50,616 - INFO - allennlp.common.params - data_loader.drop_last = False
2021-03-08 19:09:50,616 - INFO - allennlp.common.params - data_loader.shuffle = True
2021-03-08 19:09:50,616 - INFO - allennlp.common.params - data_loader.batch_sampler = None
2021-03-08 19:09:50,616 - INFO - allennlp.common.params - data_loader.batches_per_epoch = None
2021-03-08 19:09:50,616 - INFO - allennlp.common.params - data_loader.num_workers = 0
2021-03-08 19:09:50,616 - INFO - allennlp.common.params - data_loader.max_instances_in_memory = None
2021-03-08 19:09:50,616 - INFO - allennlp.common.params - data_loader.start_method = fork
2021-03-08 19:09:50,616 - INFO - allennlp.common.params - data_loader.cuda_device = None
loading instances: 295it [00:02, 144.50it/s]
2021-03-08 19:09:52,658 - INFO - allennlp.common.params - data_loader.type = multiprocess
2021-03-08 19:09:52,659 - INFO - allennlp.common.params - data_loader.batch_size = 4
2021-03-08 19:09:52,659 - INFO - allennlp.common.params - data_loader.drop_last = False
2021-03-08 19:09:52,659 - INFO - allennlp.common.params - data_loader.shuffle = True
2021-03-08 19:09:52,659 - INFO - allennlp.common.params - data_loader.batch_sampler = None
2021-03-08 19:09:52,659 - INFO - allennlp.common.params - data_loader.batches_per_epoch = None
2021-03-08 19:09:52,659 - INFO - allennlp.common.params - data_loader.num_workers = 0
2021-03-08 19:09:52,659 - INFO - allennlp.common.params - data_loader.max_instances_in_memory = None
2021-03-08 19:09:52,659 - INFO - allennlp.common.params - data_loader.start_method = fork
2021-03-08 19:09:52,659 - INFO - allennlp.common.params - data_loader.cuda_device = None
loading instances: 226it [00:01, 159.92it/s]
2021-03-08 19:09:54,073 - INFO - allennlp.common.params - type = from_instances
2021-03-08 19:09:54,073 - INFO - allennlp.common.params - min_count = None
2021-03-08 19:09:54,074 - INFO - allennlp.common.params - max_vocab_size = None
2021-03-08 19:09:54,074 - INFO - allennlp.common.params - non_padded_namespaces = ('*tags', '*labels')
2021-03-08 19:09:54,074 - INFO - allennlp.common.params - pretrained_files = None
2021-03-08 19:09:54,074 - INFO - allennlp.common.params - only_include_pretrained_words = False
2021-03-08 19:09:54,074 - INFO - allennlp.common.params - tokens_to_add = None
2021-03-08 19:09:54,074 - INFO - allennlp.common.params - min_pretrained_embeddings = None
2021-03-08 19:09:54,074 - INFO - allennlp.common.params - padding_token = @@PADDING@@
2021-03-08 19:09:54,074 - INFO - allennlp.common.params - oov_token = @@UNKNOWN@@
2021-03-08 19:09:54,074 - INFO - allennlp.data.vocabulary - Fitting token dictionary from dataset.
building vocab: 2189it [00:00, 34711.77it/s]
2021-03-08 19:09:54,138 - INFO - allennlp.common.params - model.type = SeqClassificationModel
2021-03-08 19:09:54,138 - INFO - allennlp.common.params - model.text_field_embedder.type = basic
2021-03-08 19:09:54,139 - INFO - allennlp.common.params - model.text_field_embedder.token_embedders.bert.type = pretrained_transformer
2021-03-08 19:09:54,139 - INFO - allennlp.common.params - model.text_field_embedder.token_embedders.bert.model_name = allenai/scibert_scivocab_uncased
2021-03-08 19:09:54,139 - INFO - allennlp.common.params - model.text_field_embedder.token_embedders.bert.max_length = None
2021-03-08 19:09:54,139 - INFO - allennlp.common.params - model.text_field_embedder.token_embedders.bert.sub_module = None
2021-03-08 19:09:54,139 - INFO - allennlp.common.params - model.text_field_embedder.token_embedders.bert.train_parameters = 1
2021-03-08 19:09:54,139 - INFO - allennlp.common.params - model.text_field_embedder.token_embedders.bert.last_layer_only = 0
2021-03-08 19:09:54,139 - INFO - allennlp.common.params - model.text_field_embedder.token_embedders.bert.override_weights_file = None
2021-03-08 19:09:54,139 - INFO - allennlp.common.params - model.text_field_embedder.token_embedders.bert.override_weights_strip_prefix = None
2021-03-08 19:09:54,140 - INFO - allennlp.common.params - model.text_field_embedder.token_embedders.bert.gradient_checkpointing = None
2021-03-08 19:09:54,140 - INFO - allennlp.common.params - model.text_field_embedder.token_embedders.bert.tokenizer_kwargs = None
2021-03-08 19:09:54,140 - INFO - allennlp.common.params - model.text_field_embedder.token_embedders.bert.transformer_kwargs = None
2021-03-08 19:10:09,392 - INFO - allennlp.common.params - model.use_sep = True
2021-03-08 19:10:09,392 - INFO - allennlp.common.params - model.with_crf = False
2021-03-08 19:10:09,393 - INFO - allennlp.common.params - model.self_attn.type = pytorch_transformer
2021-03-08 19:10:09,393 - INFO - allennlp.common.params - model.self_attn.input_dim = 768
2021-03-08 19:10:09,393 - INFO - allennlp.common.params - model.self_attn.num_layers = 2
2021-03-08 19:10:09,393 - INFO - allennlp.common.params - model.self_attn.feedforward_hidden_dim = 100
2021-03-08 19:10:09,393 - INFO - allennlp.common.params - model.self_attn.num_attention_heads = 2
2021-03-08 19:10:09,393 - INFO - allennlp.common.params - model.self_attn.positional_encoding = None
2021-03-08 19:10:09,394 - INFO - allennlp.common.params - model.self_attn.positional_embedding_size = 512
2021-03-08 19:10:09,394 - INFO - allennlp.common.params - model.self_attn.dropout_prob = 0.1
2021-03-08 19:10:09,394 - INFO - allennlp.common.params - model.self_attn.activation = relu
2021-03-08 19:10:09,446 - INFO - allennlp.common.params - model.bert_dropout = 0.1
2021-03-08 19:10:09,446 - INFO - allennlp.common.params - model.sci_sum = False
2021-03-08 19:10:09,446 - INFO - allennlp.common.params - model.additional_feature_size = 0
2021-03-08 19:10:09,600 - INFO - allennlp.common.params - trainer.type = gradient_descent
2021-03-08 19:10:09,600 - INFO - allennlp.common.params - trainer.patience = 5
2021-03-08 19:10:09,600 - INFO - allennlp.common.params - trainer.validation_metric = +acc
2021-03-08 19:10:09,600 - INFO - allennlp.common.params - trainer.num_epochs = 30
2021-03-08 19:10:09,600 - INFO - allennlp.common.params - trainer.cuda_device = 0
2021-03-08 19:10:09,601 - INFO - allennlp.common.params - trainer.grad_norm = None
2021-03-08 19:10:09,601 - INFO - allennlp.common.params - trainer.grad_clipping = 1
2021-03-08 19:10:09,601 - INFO - allennlp.common.params - trainer.distributed = False
2021-03-08 19:10:09,601 - INFO - allennlp.common.params - trainer.world_size = 1
2021-03-08 19:10:09,601 - INFO - allennlp.common.params - trainer.num_gradient_accumulation_steps = 50
2021-03-08 19:10:09,601 - INFO - allennlp.common.params - trainer.use_amp = False
2021-03-08 19:10:09,601 - INFO - allennlp.common.params - trainer.no_grad = None
2021-03-08 19:10:09,601 - INFO - allennlp.common.params - trainer.momentum_scheduler = None
2021-03-08 19:10:09,601 - INFO - allennlp.common.params - trainer.moving_average = None
2021-03-08 19:10:09,602 - INFO - allennlp.common.params - trainer.checkpointer = <allennlp.common.lazy.Lazy object at 0x7f294b38d1d0>
2021-03-08 19:10:09,602 - INFO - allennlp.common.params - trainer.callbacks = None
2021-03-08 19:10:09,602 - INFO - allennlp.common.params - trainer.trainer_callbacks = None
2021-03-08 19:10:12,632 - INFO - allennlp.common.params - trainer.optimizer.type = huggingface_adamw
2021-03-08 19:10:12,632 - INFO - allennlp.common.params - trainer.optimizer.parameter_groups = None
2021-03-08 19:10:12,632 - INFO - allennlp.common.params - trainer.optimizer.lr = 1e-05
2021-03-08 19:10:12,632 - INFO - allennlp.common.params - trainer.optimizer.betas = (0.9, 0.999)
2021-03-08 19:10:12,632 - INFO - allennlp.common.params - trainer.optimizer.eps = 1e-08
2021-03-08 19:10:12,632 - INFO - allennlp.common.params - trainer.optimizer.weight_decay = 0.01
2021-03-08 19:10:12,633 - INFO - allennlp.common.params - trainer.optimizer.correct_bias = True
2021-03-08 19:10:12,633 - INFO - allennlp.training.optimizers - Number of trainable parameters: 114962138
2021-03-08 19:10:12,634 - INFO - allennlp.common.util - The following parameters are Frozen (without gradient):
2021-03-08 19:10:12,636 - INFO - allennlp.common.util - The following parameters are Tunable (with gradient):
2021-03-08 19:10:12,636 - INFO - allennlp.common.util - text_field_embedder.token_embedder_bert.transformer_model.embeddings.word_embeddings.weight
2021-03-08 19:10:12,636 - INFO - allennlp.common.util - text_field_embedder.token_embedder_bert.transformer_model.embeddings.position_embeddings.weight
2021-03-08 19:10:12,636 - INFO - allennlp.common.util - text_field_embedder.token_embedder_bert.transformer_model.embeddings.token_type_embeddings.weight
2021-03-08 19:10:12,636 - INFO - allennlp.common.util - text_field_embedder.token_embedder_bert.transformer_model.embeddings.LayerNorm.weight
2021-03-08 19:10:12,636 - INFO - allennlp.common.util - text_field_embedder.token_embedder_bert.transformer_model.embeddings.LayerNorm.bias
2021-03-08 19:10:12,636 - INFO - allennlp.common.util - text_field_embedder.token_embedder_bert.transformer_model.encoder.layer.0.attention.self.query.weight
2021-03-08 19:10:12,636 - INFO - allennlp.common.util - text_field_embedder.token_embedder_bert.transformer_model.encoder.layer.0.attention.self.query.bias
2021-03-08 19:10:12,637 - INFO - allennlp.common.util - text_field_embedder.token_embedder_bert.transformer_model.encoder.layer.0.attention.self.key.weight
2021-03-08 19:10:12,637 - INFO - allennlp.common.util - text_field_embedder.token_embedder_bert.transformer_model.encoder.layer.0.attention.self.key.bias
2021-03-08 19:10:12,637 - INFO - allennlp.common.util - text_field_embedder.token_embedder_bert.transformer_model.encoder.layer.0.attention.self.value.weight
2021-03-08 19:10:12,637 - INFO - allennlp.common.util - text_field_embedder.token_embedder_bert.transformer_model.encoder.layer.0.attention.self.value.bias
2021-03-08 19:10:12,637 - INFO - allennlp.common.util - text_field_embedder.token_embedder_bert.transformer_model.encoder.layer.0.attention.output.dense.weight
2021-03-08 19:10:12,637 - INFO - allennlp.common.util - text_field_embedder.token_embedder_bert.transformer_model.encoder.layer.0.attention.output.dense.bias
2021-03-08 19:10:12,637 - INFO - allennlp.common.util - text_field_embedder.token_embedder_bert.transformer_model.encoder.layer.0.attention.output.LayerNorm.weight
2021-03-08 19:10:12,637 - INFO - allennlp.common.util - text_field_embedder.token_embedder_bert.transformer_model.encoder.layer.0.attention.output.LayerNorm.bias
2021-03-08 19:10:12,637 - INFO - allennlp.common.util - text_field_embedder.token_embedder_bert.transformer_model.encoder.layer.0.intermediate.dense.weight
2021-03-08 19:10:12,637 - INFO - allennlp.common.util - text_field_embedder.token_embedder_bert.transformer_model.encoder.layer.0.intermediate.dense.bias
2021-03-08 19:10:12,637 - INFO - allennlp.common.util - text_field_embedder.token_embedder_bert.transformer_model.encoder.layer.0.output.dense.weight
2021-03-08 19:10:12,637 - INFO - allennlp.common.util - text_field_embedder.token_embedder_bert.transformer_model.encoder.layer.0.output.dense.bias
2021-03-08 19:10:12,638 - INFO - allennlp.common.util - text_field_embedder.token_embedder_bert.transformer_model.encoder.layer.0.output.LayerNorm.weight
2021-03-08 19:10:12,638 - INFO - allennlp.common.util - text_field_embedder.token_embedder_bert.transformer_model.encoder.layer.0.output.LayerNorm.bias
2021-03-08 19:10:12,638 - INFO - allennlp.common.util - text_field_embedder.token_embedder_bert.transformer_model.encoder.layer.1.attention.self.query.weight
2021-03-08 19:10:12,638 - INFO - allennlp.common.util - text_field_embedder.token_embedder_bert.transformer_model.encoder.layer.1.attention.self.query.bias
2021-03-08 19:10:12,638 - INFO - allennlp.common.util - text_field_embedder.token_embedder_bert.transformer_model.encoder.layer.1.attention.self.key.weight
2021-03-08 19:10:12,638 - INFO - allennlp.common.util - text_field_embedder.token_embedder_bert.transformer_model.encoder.layer.1.attention.self.key.bias
2021-03-08 19:10:12,638 - INFO - allennlp.common.util - text_field_embedder.token_embedder_bert.transformer_model.encoder.layer.1.attention.self.value.weight
2021-03-08 19:10:12,638 - INFO - allennlp.common.util - text_field_embedder.token_embedder_bert.transformer_model.encoder.layer.1.attention.self.value.bias
2021-03-08 19:10:12,638 - INFO - allennlp.common.util - text_field_embedder.token_embedder_bert.transformer_model.encoder.layer.1.attention.output.dense.weight
2021-03-08 19:10:12,638 - INFO - allennlp.common.util - text_field_embedder.token_embedder_bert.transformer_model.encoder.layer.1.attention.output.dense.bias
2021-03-08 19:10:12,638 - INFO - allennlp.common.util - text_field_embedder.token_embedder_bert.transformer_model.encoder.layer.1.attention.output.LayerNorm.weight
2021-03-08 19:10:12,638 - INFO - allennlp.common.util - text_field_embedder.token_embedder_bert.transformer_model.encoder.layer.1.attention.output.LayerNorm.bias
2021-03-08 19:10:12,639 - INFO - allennlp.common.util - text_field_embedder.token_embedder_bert.transformer_model.encoder.layer.1.intermediate.dense.weight
2021-03-08 19:10:12,639 - INFO - allennlp.common.util - text_field_embedder.token_embedder_bert.transformer_model.encoder.layer.1.intermediate.dense.bias
2021-03-08 19:10:12,639 - INFO - allennlp.common.util - text_field_embedder.token_embedder_bert.transformer_model.encoder.layer.1.output.dense.weight
2021-03-08 19:10:12,639 - INFO - allennlp.common.util - text_field_embedder.token_embedder_bert.transformer_model.encoder.layer.1.output.dense.bias
2021-03-08 19:10:12,639 - INFO - allennlp.common.util - text_field_embedder.token_embedder_bert.transformer_model.encoder.layer.1.output.LayerNorm.weight
2021-03-08 19:10:12,639 - INFO - allennlp.common.util - text_field_embedder.token_embedder_bert.transformer_model.encoder.layer.1.output.LayerNorm.bias
2021-03-08 19:10:12,639 - INFO - allennlp.common.util - text_field_embedder.token_embedder_bert.transformer_model.encoder.layer.2.attention.self.query.weight
2021-03-08 19:10:12,639 - INFO - allennlp.common.util - text_field_embedder.token_embedder_bert.transformer_model.encoder.layer.2.attention.self.query.bias
2021-03-08 19:10:12,639 - INFO - allennlp.common.util - text_field_embedder.token_embedder_bert.transformer_model.encoder.layer.2.attention.self.key.weight
2021-03-08 19:10:12,639 - INFO - allennlp.common.util - text_field_embedder.token_embedder_bert.transformer_model.encoder.layer.2.attention.self.key.bias
2021-03-08 19:10:12,639 - INFO - allennlp.common.util - text_field_embedder.token_embedder_bert.transformer_model.encoder.layer.2.attention.self.value.weight
2021-03-08 19:10:12,639 - INFO - allennlp.common.util - text_field_embedder.token_embedder_bert.transformer_model.encoder.layer.2.attention.self.value.bias
2021-03-08 19:10:12,639 - INFO - allennlp.common.util - text_field_embedder.token_embedder_bert.transformer_model.encoder.layer.2.attention.output.dense.weight
2021-03-08 19:10:12,640 - INFO - allennlp.common.util - text_field_embedder.token_embedder_bert.transformer_model.encoder.layer.2.attention.output.dense.bias
2021-03-08 19:10:12,640 - INFO - allennlp.common.util - text_field_embedder.token_embedder_bert.transformer_model.encoder.layer.2.attention.output.LayerNorm.weight
2021-03-08 19:10:12,640 - INFO - allennlp.common.util - text_field_embedder.token_embedder_bert.transformer_model.encoder.layer.2.attention.output.LayerNorm.bias
2021-03-08 19:10:12,640 - INFO - allennlp.common.util - text_field_embedder.token_embedder_bert.transformer_model.encoder.layer.2.intermediate.dense.weight
2021-03-08 19:10:12,640 - INFO - allennlp.common.util - text_field_embedder.token_embedder_bert.transformer_model.encoder.layer.2.intermediate.dense.bias
2021-03-08 19:10:12,640 - INFO - allennlp.common.util - text_field_embedder.token_embedder_bert.transformer_model.encoder.layer.2.output.dense.weight
2021-03-08 19:10:12,640 - INFO - allennlp.common.util - text_field_embedder.token_embedder_bert.transformer_model.encoder.layer.2.output.dense.bias
2021-03-08 19:10:12,640 - INFO - allennlp.common.util - text_field_embedder.token_embedder_bert.transformer_model.encoder.layer.2.output.LayerNorm.weight
2021-03-08 19:10:12,640 - INFO - allennlp.common.util - text_field_embedder.token_embedder_bert.transformer_model.encoder.layer.2.output.LayerNorm.bias
2021-03-08 19:10:12,640 - INFO - allennlp.common.util - text_field_embedder.token_embedder_bert.transformer_model.encoder.layer.3.attention.self.query.weight
2021-03-08 19:10:12,640 - INFO - allennlp.common.util - text_field_embedder.token_embedder_bert.transformer_model.encoder.layer.3.attention.self.query.bias
2021-03-08 19:10:12,640 - INFO - allennlp.common.util - text_field_embedder.token_embedder_bert.transformer_model.encoder.layer.3.attention.self.key.weight
2021-03-08 19:10:12,641 - INFO - allennlp.common.util - text_field_embedder.token_embedder_bert.transformer_model.encoder.layer.3.attention.self.key.bias
2021-03-08 19:10:12,641 - INFO - allennlp.common.util - text_field_embedder.token_embedder_bert.transformer_model.encoder.layer.3.attention.self.value.weight
2021-03-08 19:10:12,641 - INFO - allennlp.common.util - text_field_embedder.token_embedder_bert.transformer_model.encoder.layer.3.attention.self.value.bias
2021-03-08 19:10:12,641 - INFO - allennlp.common.util - text_field_embedder.token_embedder_bert.transformer_model.encoder.layer.3.attention.output.dense.weight
2021-03-08 19:10:12,641 - INFO - allennlp.common.util - text_field_embedder.token_embedder_bert.transformer_model.encoder.layer.3.attention.output.dense.bias
2021-03-08 19:10:12,641 - INFO - allennlp.common.util - text_field_embedder.token_embedder_bert.transformer_model.encoder.layer.3.attention.output.LayerNorm.weight
2021-03-08 19:10:12,641 - INFO - allennlp.common.util - text_field_embedder.token_embedder_bert.transformer_model.encoder.layer.3.attention.output.LayerNorm.bias
2021-03-08 19:10:12,641 - INFO - allennlp.common.util - text_field_embedder.token_embedder_bert.transformer_model.encoder.layer.3.intermediate.dense.weight
2021-03-08 19:10:12,641 - INFO - allennlp.common.util - text_field_embedder.token_embedder_bert.transformer_model.encoder.layer.3.intermediate.dense.bias
2021-03-08 19:10:12,641 - INFO - allennlp.common.util - text_field_embedder.token_embedder_bert.transformer_model.encoder.layer.3.output.dense.weight
2021-03-08 19:10:12,641 - INFO - allennlp.common.util - text_field_embedder.token_embedder_bert.transformer_model.encoder.layer.3.output.dense.bias
2021-03-08 19:10:12,641 - INFO - allennlp.common.util - text_field_embedder.token_embedder_bert.transformer_model.encoder.layer.3.output.LayerNorm.weight
2021-03-08 19:10:12,642 - INFO - allennlp.common.util - text_field_embedder.token_embedder_bert.transformer_model.encoder.layer.3.output.LayerNorm.bias
2021-03-08 19:10:12,642 - INFO - allennlp.common.util - text_field_embedder.token_embedder_bert.transformer_model.encoder.layer.4.attention.self.query.weight
2021-03-08 19:10:12,642 - INFO - allennlp.common.util - text_field_embedder.token_embedder_bert.transformer_model.encoder.layer.4.attention.self.query.bias
2021-03-08 19:10:12,642 - INFO - allennlp.common.util - text_field_embedder.token_embedder_bert.transformer_model.encoder.layer.4.attention.self.key.weight
2021-03-08 19:10:12,642 - INFO - allennlp.common.util - text_field_embedder.token_embedder_bert.transformer_model.encoder.layer.4.attention.self.key.bias
2021-03-08 19:10:12,642 - INFO - allennlp.common.util - text_field_embedder.token_embedder_bert.transformer_model.encoder.layer.4.attention.self.value.weight
2021-03-08 19:10:12,642 - INFO - allennlp.common.util - text_field_embedder.token_embedder_bert.transformer_model.encoder.layer.4.attention.self.value.bias
2021-03-08 19:10:12,642 - INFO - allennlp.common.util - text_field_embedder.token_embedder_bert.transformer_model.encoder.layer.4.attention.output.dense.weight
2021-03-08 19:10:12,642 - INFO - allennlp.common.util - text_field_embedder.token_embedder_bert.transformer_model.encoder.layer.4.attention.output.dense.bias
2021-03-08 19:10:12,642 - INFO - allennlp.common.util - text_field_embedder.token_embedder_bert.transformer_model.encoder.layer.4.attention.output.LayerNorm.weight
2021-03-08 19:10:12,642 - INFO - allennlp.common.util - text_field_embedder.token_embedder_bert.transformer_model.encoder.layer.4.attention.output.LayerNorm.bias
2021-03-08 19:10:12,643 - INFO - allennlp.common.util - text_field_embedder.token_embedder_bert.transformer_model.encoder.layer.4.intermediate.dense.weight
2021-03-08 19:10:12,643 - INFO - allennlp.common.util - text_field_embedder.token_embedder_bert.transformer_model.encoder.layer.4.intermediate.dense.bias
2021-03-08 19:10:12,643 - INFO - allennlp.common.util - text_field_embedder.token_embedder_bert.transformer_model.encoder.layer.4.output.dense.weight
2021-03-08 19:10:12,643 - INFO - allennlp.common.util - text_field_embedder.token_embedder_bert.transformer_model.encoder.layer.4.output.dense.bias
2021-03-08 19:10:12,643 - INFO - allennlp.common.util - text_field_embedder.token_embedder_bert.transformer_model.encoder.layer.4.output.LayerNorm.weight
2021-03-08 19:10:12,643 - INFO - allennlp.common.util - text_field_embedder.token_embedder_bert.transformer_model.encoder.layer.4.output.LayerNorm.bias
2021-03-08 19:10:12,643 - INFO - allennlp.common.util - text_field_embedder.token_embedder_bert.transformer_model.encoder.layer.5.attention.self.query.weight
2021-03-08 19:10:12,643 - INFO - allennlp.common.util - text_field_embedder.token_embedder_bert.transformer_model.encoder.layer.5.attention.self.query.bias
2021-03-08 19:10:12,643 - INFO - allennlp.common.util - text_field_embedder.token_embedder_bert.transformer_model.encoder.layer.5.attention.self.key.weight
2021-03-08 19:10:12,643 - INFO - allennlp.common.util - text_field_embedder.token_embedder_bert.transformer_model.encoder.layer.5.attention.self.key.bias
2021-03-08 19:10:12,643 - INFO - allennlp.common.util - text_field_embedder.token_embedder_bert.transformer_model.encoder.layer.5.attention.self.value.weight
2021-03-08 19:10:12,643 - INFO - allennlp.common.util - text_field_embedder.token_embedder_bert.transformer_model.encoder.layer.5.attention.self.value.bias
2021-03-08 19:10:12,644 - INFO - allennlp.common.util - text_field_embedder.token_embedder_bert.transformer_model.encoder.layer.5.attention.output.dense.weight
2021-03-08 19:10:12,644 - INFO - allennlp.common.util - text_field_embedder.token_embedder_bert.transformer_model.encoder.layer.5.attention.output.dense.bias
2021-03-08 19:10:12,644 - INFO - allennlp.common.util - text_field_embedder.token_embedder_bert.transformer_model.encoder.layer.5.attention.output.LayerNorm.weight
2021-03-08 19:10:12,644 - INFO - allennlp.common.util - text_field_embedder.token_embedder_bert.transformer_model.encoder.layer.5.attention.output.LayerNorm.bias
2021-03-08 19:10:12,644 - INFO - allennlp.common.util - text_field_embedder.token_embedder_bert.transformer_model.encoder.layer.5.intermediate.dense.weight
2021-03-08 19:10:12,644 - INFO - allennlp.common.util - text_field_embedder.token_embedder_bert.transformer_model.encoder.layer.5.intermediate.dense.bias
2021-03-08 19:10:12,644 - INFO - allennlp.common.util - text_field_embedder.token_embedder_bert.transformer_model.encoder.layer.5.output.dense.weight
2021-03-08 19:10:12,644 - INFO - allennlp.common.util - text_field_embedder.token_embedder_bert.transformer_model.encoder.layer.5.output.dense.bias
2021-03-08 19:10:12,644 - INFO - allennlp.common.util - text_field_embedder.token_embedder_bert.transformer_model.encoder.layer.5.output.LayerNorm.weight
2021-03-08 19:10:12,644 - INFO - allennlp.common.util - text_field_embedder.token_embedder_bert.transformer_model.encoder.layer.5.output.LayerNorm.bias
2021-03-08 19:10:12,644 - INFO - allennlp.common.util - text_field_embedder.token_embedder_bert.transformer_model.encoder.layer.6.attention.self.query.weight
2021-03-08 19:10:12,644 - INFO - allennlp.common.util - text_field_embedder.token_embedder_bert.transformer_model.encoder.layer.6.attention.self.query.bias
2021-03-08 19:10:12,645 - INFO - allennlp.common.util - text_field_embedder.token_embedder_bert.transformer_model.encoder.layer.6.attention.self.key.weight
2021-03-08 19:10:12,645 - INFO - allennlp.common.util - text_field_embedder.token_embedder_bert.transformer_model.encoder.layer.6.attention.self.key.bias
2021-03-08 19:10:12,645 - INFO - allennlp.common.util - text_field_embedder.token_embedder_bert.transformer_model.encoder.layer.6.attention.self.value.weight
2021-03-08 19:10:12,645 - INFO - allennlp.common.util - text_field_embedder.token_embedder_bert.transformer_model.encoder.layer.6.attention.self.value.bias
2021-03-08 19:10:12,645 - INFO - allennlp.common.util - text_field_embedder.token_embedder_bert.transformer_model.encoder.layer.6.attention.output.dense.weight
2021-03-08 19:10:12,645 - INFO - allennlp.common.util - text_field_embedder.token_embedder_bert.transformer_model.encoder.layer.6.attention.output.dense.bias
2021-03-08 19:10:12,645 - INFO - allennlp.common.util - text_field_embedder.token_embedder_bert.transformer_model.encoder.layer.6.attention.output.LayerNorm.weight
2021-03-08 19:10:12,645 - INFO - allennlp.common.util - text_field_embedder.token_embedder_bert.transformer_model.encoder.layer.6.attention.output.LayerNorm.bias
2021-03-08 19:10:12,645 - INFO - allennlp.common.util - text_field_embedder.token_embedder_bert.transformer_model.encoder.layer.6.intermediate.dense.weight
2021-03-08 19:10:12,645 - INFO - allennlp.common.util - text_field_embedder.token_embedder_bert.transformer_model.encoder.layer.6.intermediate.dense.bias
2021-03-08 19:10:12,645 - INFO - allennlp.common.util - text_field_embedder.token_embedder_bert.transformer_model.encoder.layer.6.output.dense.weight
2021-03-08 19:10:12,645 - INFO - allennlp.common.util - text_field_embedder.token_embedder_bert.transformer_model.encoder.layer.6.output.dense.bias
2021-03-08 19:10:12,674 - INFO - allennlp.common.util - text_field_embedder.token_embedder_bert.transformer_model.encoder.layer.6.output.LayerNorm.weight
2021-03-08 19:10:12,674 - INFO - allennlp.common.util - text_field_embedder.token_embedder_bert.transformer_model.encoder.layer.6.output.LayerNorm.bias
2021-03-08 19:10:12,674 - INFO - allennlp.common.util - text_field_embedder.token_embedder_bert.transformer_model.encoder.layer.7.attention.self.query.weight
2021-03-08 19:10:12,674 - INFO - allennlp.common.util - text_field_embedder.token_embedder_bert.transformer_model.encoder.layer.7.attention.self.query.bias
2021-03-08 19:10:12,674 - INFO - allennlp.common.util - text_field_embedder.token_embedder_bert.transformer_model.encoder.layer.7.attention.self.key.weight
2021-03-08 19:10:12,674 - INFO - allennlp.common.util - text_field_embedder.token_embedder_bert.transformer_model.encoder.layer.7.attention.self.key.bias
2021-03-08 19:10:12,675 - INFO - allennlp.common.util - text_field_embedder.token_embedder_bert.transformer_model.encoder.layer.7.attention.self.value.weight
2021-03-08 19:10:12,675 - INFO - allennlp.common.util - text_field_embedder.token_embedder_bert.transformer_model.encoder.layer.7.attention.self.value.bias
2021-03-08 19:10:12,675 - INFO - allennlp.common.util - text_field_embedder.token_embedder_bert.transformer_model.encoder.layer.7.attention.output.dense.weight
2021-03-08 19:10:12,675 - INFO - allennlp.common.util - text_field_embedder.token_embedder_bert.transformer_model.encoder.layer.7.attention.output.dense.bias
2021-03-08 19:10:12,675 - INFO - allennlp.common.util - text_field_embedder.token_embedder_bert.transformer_model.encoder.layer.7.attention.output.LayerNorm.weight
2021-03-08 19:10:12,675 - INFO - allennlp.common.util - text_field_embedder.token_embedder_bert.transformer_model.encoder.layer.7.attention.output.LayerNorm.bias
2021-03-08 19:10:12,675 - INFO - allennlp.common.util - text_field_embedder.token_embedder_bert.transformer_model.encoder.layer.7.intermediate.dense.weight
2021-03-08 19:10:12,675 - INFO - allennlp.common.util - text_field_embedder.token_embedder_bert.transformer_model.encoder.layer.7.intermediate.dense.bias
2021-03-08 19:10:12,676 - INFO - allennlp.common.util - text_field_embedder.token_embedder_bert.transformer_model.encoder.layer.7.output.dense.weight
2021-03-08 19:10:12,676 - INFO - allennlp.common.util - text_field_embedder.token_embedder_bert.transformer_model.encoder.layer.7.output.dense.bias
2021-03-08 19:10:12,676 - INFO - allennlp.common.util - text_field_embedder.token_embedder_bert.transformer_model.encoder.layer.7.output.LayerNorm.weight
2021-03-08 19:10:12,676 - INFO - allennlp.common.util - text_field_embedder.token_embedder_bert.transformer_model.encoder.layer.7.output.LayerNorm.bias
2021-03-08 19:10:12,676 - INFO - allennlp.common.util - text_field_embedder.token_embedder_bert.transformer_model.encoder.layer.8.attention.self.query.weight
2021-03-08 19:10:12,676 - INFO - allennlp.common.util - text_field_embedder.token_embedder_bert.transformer_model.encoder.layer.8.attention.self.query.bias
2021-03-08 19:10:12,676 - INFO - allennlp.common.util - text_field_embedder.token_embedder_bert.transformer_model.encoder.layer.8.attention.self.key.weight
2021-03-08 19:10:12,676 - INFO - allennlp.common.util - text_field_embedder.token_embedder_bert.transformer_model.encoder.layer.8.attention.self.key.bias
2021-03-08 19:10:12,677 - INFO - allennlp.common.util - text_field_embedder.token_embedder_bert.transformer_model.encoder.layer.8.attention.self.value.weight
2021-03-08 19:10:12,677 - INFO - allennlp.common.util - text_field_embedder.token_embedder_bert.transformer_model.encoder.layer.8.attention.self.value.bias
2021-03-08 19:10:12,677 - INFO - allennlp.common.util - text_field_embedder.token_embedder_bert.transformer_model.encoder.layer.8.attention.output.dense.weight
2021-03-08 19:10:12,677 - INFO - allennlp.common.util - text_field_embedder.token_embedder_bert.transformer_model.encoder.layer.8.attention.output.dense.bias
2021-03-08 19:10:12,677 - INFO - allennlp.common.util - text_field_embedder.token_embedder_bert.transformer_model.encoder.layer.8.attention.output.LayerNorm.weight
2021-03-08 19:10:12,677 - INFO - allennlp.common.util - text_field_embedder.token_embedder_bert.transformer_model.encoder.layer.8.attention.output.LayerNorm.bias
2021-03-08 19:10:12,677 - INFO - allennlp.common.util - text_field_embedder.token_embedder_bert.transformer_model.encoder.layer.8.intermediate.dense.weight
2021-03-08 19:10:12,678 - INFO - allennlp.common.util - text_field_embedder.token_embedder_bert.transformer_model.encoder.layer.8.intermediate.dense.bias
2021-03-08 19:10:12,678 - INFO - allennlp.common.util - text_field_embedder.token_embedder_bert.transformer_model.encoder.layer.8.output.dense.weight
2021-03-08 19:10:12,678 - INFO - allennlp.common.util - text_field_embedder.token_embedder_bert.transformer_model.encoder.layer.8.output.dense.bias
2021-03-08 19:10:12,678 - INFO - allennlp.common.util - text_field_embedder.token_embedder_bert.transformer_model.encoder.layer.8.output.LayerNorm.weight
2021-03-08 19:10:12,678 - INFO - allennlp.common.util - text_field_embedder.token_embedder_bert.transformer_model.encoder.layer.8.output.LayerNorm.bias
2021-03-08 19:10:12,678 - INFO - allennlp.common.util - text_field_embedder.token_embedder_bert.transformer_model.encoder.layer.9.attention.self.query.weight
2021-03-08 19:10:12,678 - INFO - allennlp.common.util - text_field_embedder.token_embedder_bert.transformer_model.encoder.layer.9.attention.self.query.bias
2021-03-08 19:10:12,678 - INFO - allennlp.common.util - text_field_embedder.token_embedder_bert.transformer_model.encoder.layer.9.attention.self.key.weight
2021-03-08 19:10:12,678 - INFO - allennlp.common.util - text_field_embedder.token_embedder_bert.transformer_model.encoder.layer.9.attention.self.key.bias
2021-03-08 19:10:12,678 - INFO - allennlp.common.util - text_field_embedder.token_embedder_bert.transformer_model.encoder.layer.9.attention.self.value.weight
2021-03-08 19:10:12,678 - INFO - allennlp.common.util - text_field_embedder.token_embedder_bert.transformer_model.encoder.layer.9.attention.self.value.bias
2021-03-08 19:10:12,678 - INFO - allennlp.common.util - text_field_embedder.token_embedder_bert.transformer_model.encoder.layer.9.attention.output.dense.weight
2021-03-08 19:10:12,679 - INFO - allennlp.common.util - text_field_embedder.token_embedder_bert.transformer_model.encoder.layer.9.attention.output.dense.bias
2021-03-08 19:10:12,679 - INFO - allennlp.common.util - text_field_embedder.token_embedder_bert.transformer_model.encoder.layer.9.attention.output.LayerNorm.weight
2021-03-08 19:10:12,679 - INFO - allennlp.common.util - text_field_embedder.token_embedder_bert.transformer_model.encoder.layer.9.attention.output.LayerNorm.bias
2021-03-08 19:10:12,679 - INFO - allennlp.common.util - text_field_embedder.token_embedder_bert.transformer_model.encoder.layer.9.intermediate.dense.weight
2021-03-08 19:10:12,679 - INFO - allennlp.common.util - text_field_embedder.token_embedder_bert.transformer_model.encoder.layer.9.intermediate.dense.bias
2021-03-08 19:10:12,679 - INFO - allennlp.common.util - text_field_embedder.token_embedder_bert.transformer_model.encoder.layer.9.output.dense.weight
2021-03-08 19:10:12,679 - INFO - allennlp.common.util - text_field_embedder.token_embedder_bert.transformer_model.encoder.layer.9.output.dense.bias
2021-03-08 19:10:12,679 - INFO - allennlp.common.util - text_field_embedder.token_embedder_bert.transformer_model.encoder.layer.9.output.LayerNorm.weight
2021-03-08 19:10:12,679 - INFO - allennlp.common.util - text_field_embedder.token_embedder_bert.transformer_model.encoder.layer.9.output.LayerNorm.bias
2021-03-08 19:10:12,679 - INFO - allennlp.common.util - text_field_embedder.token_embedder_bert.transformer_model.encoder.layer.10.attention.self.query.weight
2021-03-08 19:10:12,679 - INFO - allennlp.common.util - text_field_embedder.token_embedder_bert.transformer_model.encoder.layer.10.attention.self.query.bias
2021-03-08 19:10:12,679 - INFO - allennlp.common.util - text_field_embedder.token_embedder_bert.transformer_model.encoder.layer.10.attention.self.key.weight
2021-03-08 19:10:12,680 - INFO - allennlp.common.util - text_field_embedder.token_embedder_bert.transformer_model.encoder.layer.10.attention.self.key.bias
2021-03-08 19:10:12,680 - INFO - allennlp.common.util - text_field_embedder.token_embedder_bert.transformer_model.encoder.layer.10.attention.self.value.weight
2021-03-08 19:10:12,680 - INFO - allennlp.common.util - text_field_embedder.token_embedder_bert.transformer_model.encoder.layer.10.attention.self.value.bias
2021-03-08 19:10:12,680 - INFO - allennlp.common.util - text_field_embedder.token_embedder_bert.transformer_model.encoder.layer.10.attention.output.dense.weight
2021-03-08 19:10:12,680 - INFO - allennlp.common.util - text_field_embedder.token_embedder_bert.transformer_model.encoder.layer.10.attention.output.dense.bias
2021-03-08 19:10:12,680 - INFO - allennlp.common.util - text_field_embedder.token_embedder_bert.transformer_model.encoder.layer.10.attention.output.LayerNorm.weight
2021-03-08 19:10:12,680 - INFO - allennlp.common.util - text_field_embedder.token_embedder_bert.transformer_model.encoder.layer.10.attention.output.LayerNorm.bias
2021-03-08 19:10:12,680 - INFO - allennlp.common.util - text_field_embedder.token_embedder_bert.transformer_model.encoder.layer.10.intermediate.dense.weight
2021-03-08 19:10:12,680 - INFO - allennlp.common.util - text_field_embedder.token_embedder_bert.transformer_model.encoder.layer.10.intermediate.dense.bias
2021-03-08 19:10:12,680 - INFO - allennlp.common.util - text_field_embedder.token_embedder_bert.transformer_model.encoder.layer.10.output.dense.weight
2021-03-08 19:10:12,680 - INFO - allennlp.common.util - text_field_embedder.token_embedder_bert.transformer_model.encoder.layer.10.output.dense.bias
2021-03-08 19:10:12,680 - INFO - allennlp.common.util - text_field_embedder.token_embedder_bert.transformer_model.encoder.layer.10.output.LayerNorm.weight
2021-03-08 19:10:12,681 - INFO - allennlp.common.util - text_field_embedder.token_embedder_bert.transformer_model.encoder.layer.10.output.LayerNorm.bias
2021-03-08 19:10:12,681 - INFO - allennlp.common.util - text_field_embedder.token_embedder_bert.transformer_model.encoder.layer.11.attention.self.query.weight
2021-03-08 19:10:12,681 - INFO - allennlp.common.util - text_field_embedder.token_embedder_bert.transformer_model.encoder.layer.11.attention.self.query.bias
2021-03-08 19:10:12,681 - INFO - allennlp.common.util - text_field_embedder.token_embedder_bert.transformer_model.encoder.layer.11.attention.self.key.weight
2021-03-08 19:10:12,681 - INFO - allennlp.common.util - text_field_embedder.token_embedder_bert.transformer_model.encoder.layer.11.attention.self.key.bias
2021-03-08 19:10:12,681 - INFO - allennlp.common.util - text_field_embedder.token_embedder_bert.transformer_model.encoder.layer.11.attention.self.value.weight
2021-03-08 19:10:12,681 - INFO - allennlp.common.util - text_field_embedder.token_embedder_bert.transformer_model.encoder.layer.11.attention.self.value.bias
2021-03-08 19:10:12,681 - INFO - allennlp.common.util - text_field_embedder.token_embedder_bert.transformer_model.encoder.layer.11.attention.output.dense.weight
2021-03-08 19:10:12,681 - INFO - allennlp.common.util - text_field_embedder.token_embedder_bert.transformer_model.encoder.layer.11.attention.output.dense.bias
2021-03-08 19:10:12,681 - INFO - allennlp.common.util - text_field_embedder.token_embedder_bert.transformer_model.encoder.layer.11.attention.output.LayerNorm.weight
2021-03-08 19:10:12,681 - INFO - allennlp.common.util - text_field_embedder.token_embedder_bert.transformer_model.encoder.layer.11.attention.output.LayerNorm.bias
2021-03-08 19:10:12,681 - INFO - allennlp.common.util - text_field_embedder.token_embedder_bert.transformer_model.encoder.layer.11.intermediate.dense.weight
2021-03-08 19:10:12,682 - INFO - allennlp.common.util - text_field_embedder.token_embedder_bert.transformer_model.encoder.layer.11.intermediate.dense.bias
2021-03-08 19:10:12,682 - INFO - allennlp.common.util - text_field_embedder.token_embedder_bert.transformer_model.encoder.layer.11.output.dense.weight
2021-03-08 19:10:12,682 - INFO - allennlp.common.util - text_field_embedder.token_embedder_bert.transformer_model.encoder.layer.11.output.dense.bias
2021-03-08 19:10:12,682 - INFO - allennlp.common.util - text_field_embedder.token_embedder_bert.transformer_model.encoder.layer.11.output.LayerNorm.weight
2021-03-08 19:10:12,682 - INFO - allennlp.common.util - text_field_embedder.token_embedder_bert.transformer_model.encoder.layer.11.output.LayerNorm.bias
2021-03-08 19:10:12,682 - INFO - allennlp.common.util - text_field_embedder.token_embedder_bert.transformer_model.pooler.dense.weight
2021-03-08 19:10:12,682 - INFO - allennlp.common.util - text_field_embedder.token_embedder_bert.transformer_model.pooler.dense.bias
2021-03-08 19:10:12,682 - INFO - allennlp.common.util - text_field_embedder.token_embedder_bert._scalar_mix.gamma
2021-03-08 19:10:12,682 - INFO - allennlp.common.util - text_field_embedder.token_embedder_bert._scalar_mix.scalar_parameters.0
2021-03-08 19:10:12,682 - INFO - allennlp.common.util - text_field_embedder.token_embedder_bert._scalar_mix.scalar_parameters.1
2021-03-08 19:10:12,682 - INFO - allennlp.common.util - text_field_embedder.token_embedder_bert._scalar_mix.scalar_parameters.2
2021-03-08 19:10:12,682 - INFO - allennlp.common.util - text_field_embedder.token_embedder_bert._scalar_mix.scalar_parameters.3
2021-03-08 19:10:12,683 - INFO - allennlp.common.util - text_field_embedder.token_embedder_bert._scalar_mix.scalar_parameters.4
2021-03-08 19:10:12,683 - INFO - allennlp.common.util - text_field_embedder.token_embedder_bert._scalar_mix.scalar_parameters.5
2021-03-08 19:10:12,683 - INFO - allennlp.common.util - text_field_embedder.token_embedder_bert._scalar_mix.scalar_parameters.6
2021-03-08 19:10:12,683 - INFO - allennlp.common.util - text_field_embedder.token_embedder_bert._scalar_mix.scalar_parameters.7
2021-03-08 19:10:12,683 - INFO - allennlp.common.util - text_field_embedder.token_embedder_bert._scalar_mix.scalar_parameters.8
2021-03-08 19:10:12,683 - INFO - allennlp.common.util - text_field_embedder.token_embedder_bert._scalar_mix.scalar_parameters.9
2021-03-08 19:10:12,683 - INFO - allennlp.common.util - text_field_embedder.token_embedder_bert._scalar_mix.scalar_parameters.10
2021-03-08 19:10:12,683 - INFO - allennlp.common.util - text_field_embedder.token_embedder_bert._scalar_mix.scalar_parameters.11
2021-03-08 19:10:12,683 - INFO - allennlp.common.util - self_attn._transformer.layers.0.self_attn.in_proj_weight
2021-03-08 19:10:12,683 - INFO - allennlp.common.util - self_attn._transformer.layers.0.self_attn.in_proj_bias
2021-03-08 19:10:12,683 - INFO - allennlp.common.util - self_attn._transformer.layers.0.self_attn.out_proj.weight
2021-03-08 19:10:12,683 - INFO - allennlp.common.util - self_attn._transformer.layers.0.self_attn.out_proj.bias
2021-03-08 19:10:12,684 - INFO - allennlp.common.util - self_attn._transformer.layers.0.linear1.weight
2021-03-08 19:10:12,684 - INFO - allennlp.common.util - self_attn._transformer.layers.0.linear1.bias
2021-03-08 19:10:12,684 - INFO - allennlp.common.util - self_attn._transformer.layers.0.linear2.weight
2021-03-08 19:10:12,684 - INFO - allennlp.common.util - self_attn._transformer.layers.0.linear2.bias
2021-03-08 19:10:12,684 - INFO - allennlp.common.util - self_attn._transformer.layers.0.norm1.weight
2021-03-08 19:10:12,684 - INFO - allennlp.common.util - self_attn._transformer.layers.0.norm1.bias
2021-03-08 19:10:12,684 - INFO - allennlp.common.util - self_attn._transformer.layers.0.norm2.weight
2021-03-08 19:10:12,684 - INFO - allennlp.common.util - self_attn._transformer.layers.0.norm2.bias
2021-03-08 19:10:12,684 - INFO - allennlp.common.util - self_attn._transformer.layers.1.self_attn.in_proj_weight
2021-03-08 19:10:12,684 - INFO - allennlp.common.util - self_attn._transformer.layers.1.self_attn.in_proj_bias
2021-03-08 19:10:12,684 - INFO - allennlp.common.util - self_attn._transformer.layers.1.self_attn.out_proj.weight
2021-03-08 19:10:12,684 - INFO - allennlp.common.util - self_attn._transformer.layers.1.self_attn.out_proj.bias
2021-03-08 19:10:12,684 - INFO - allennlp.common.util - self_attn._transformer.layers.1.linear1.weight
2021-03-08 19:10:12,685 - INFO - allennlp.common.util - self_attn._transformer.layers.1.linear1.bias
2021-03-08 19:10:12,685 - INFO - allennlp.common.util - self_attn._transformer.layers.1.linear2.weight
2021-03-08 19:10:12,685 - INFO - allennlp.common.util - self_attn._transformer.layers.1.linear2.bias
2021-03-08 19:10:12,685 - INFO - allennlp.common.util - self_attn._transformer.layers.1.norm1.weight
2021-03-08 19:10:12,685 - INFO - allennlp.common.util - self_attn._transformer.layers.1.norm1.bias
2021-03-08 19:10:12,685 - INFO - allennlp.common.util - self_attn._transformer.layers.1.norm2.weight
2021-03-08 19:10:12,685 - INFO - allennlp.common.util - self_attn._transformer.layers.1.norm2.bias
2021-03-08 19:10:12,685 - INFO - allennlp.common.util - time_distributed_aggregate_feedforward.weight
2021-03-08 19:10:12,685 - INFO - allennlp.common.util - time_distributed_aggregate_feedforward.bias
2021-03-08 19:10:12,685 - INFO - allennlp.common.params - trainer.learning_rate_scheduler.type = slanted_triangular
2021-03-08 19:10:12,686 - WARNING - allennlp.common.from_params - Parameter num_epochs for class SlantedTriangular was found in both **extras and in params. Using the specification found in params, but you probably put a key in a config file that you didn't need, and if it is different from what we get from **extras, you might get unexpected behavior.
2021-03-08 19:10:12,686 - INFO - allennlp.common.params - trainer.learning_rate_scheduler.num_epochs = 30
2021-03-08 19:10:12,686 - INFO - allennlp.common.params - trainer.learning_rate_scheduler.cut_frac = 0.1
2021-03-08 19:10:12,686 - INFO - allennlp.common.params - trainer.learning_rate_scheduler.ratio = 32
2021-03-08 19:10:12,686 - INFO - allennlp.common.params - trainer.learning_rate_scheduler.last_epoch = -1
2021-03-08 19:10:12,686 - INFO - allennlp.common.params - trainer.learning_rate_scheduler.gradual_unfreezing = False
2021-03-08 19:10:12,686 - INFO - allennlp.common.params - trainer.learning_rate_scheduler.discriminative_fine_tuning = False
2021-03-08 19:10:12,686 - INFO - allennlp.common.params - trainer.learning_rate_scheduler.decay_factor = 0.38
2021-03-08 19:10:12,687 - INFO - allennlp.common.params - type = default
2021-03-08 19:10:12,687 - INFO - allennlp.common.params - keep_serialized_model_every_num_seconds = None
2021-03-08 19:10:12,687 - INFO - allennlp.common.params - num_serialized_models_to_keep = 2
2021-03-08 19:10:12,687 - INFO - allennlp.common.params - model_save_interval = None
2021-03-08 19:10:12,690 - INFO - allennlp.training.trainer - Beginning training.
2021-03-08 19:10:12,690 - INFO - allennlp.training.trainer - Epoch 0/29
2021-03-08 19:10:12,691 - INFO - allennlp.training.trainer - Worker 0 memory usage: 3.7G
2021-03-08 19:10:12,691 - INFO - allennlp.training.trainer - GPU 0 memory usage: 440M
/usr/local/lib/python3.7/dist-packages/torch/nn/modules/container.py:435: UserWarning: Setting attributes on ParameterList is not supported.
  warnings.warn("Setting attributes on ParameterList is not supported.")
2021-03-08 19:10:12,694 - INFO - allennlp.training.trainer - Training
  0%|          | 0/9 [00:00<?, ?it/s]2021-03-08 19:10:21,149 - WARNING - sequential_sentence_classification.model - Found 25 labels but 24 sentences
acc: 0.2298, background_labelF: 0.1658, method_labelF: 0.0697, result_labelF: 0.3440, objective_labelF: 0.0000, other_labelF: 0.0000, avgF: 0.1159, batch_loss: 0.9365, loss: 0.9605 ||: 100%|##########| 9/9 [01:22<00:00,  9.12s/it]
2021-03-08 19:11:36,287 - INFO - allennlp.training.trainer - Validating
acc: 0.3411, background_labelF: 0.5000, method_labelF: 0.0743, result_labelF: 0.3269, objective_labelF: 0.0000, other_labelF: 0.0000, avgF: 0.1802, batch_loss: 0.9977, loss: 0.9067 ||: 100%|##########| 74/74 [00:05<00:00, 12.80it/s]
2021-03-08 19:11:44,894 - INFO - allennlp.training.checkpointer - Best validation performance so far. Copying weights to './run_sep//best.th'.
2021-03-08 19:11:47,342 - INFO - allennlp.training.trainer - Epoch duration: 0:01:34.651198
2021-03-08 19:11:47,342 - INFO - allennlp.training.trainer - Estimated training time remaining: 0:45:44
2021-03-08 19:11:47,342 - INFO - allennlp.training.trainer - Epoch 1/29
2021-03-08 19:11:47,342 - INFO - allennlp.training.trainer - Worker 0 memory usage: 3.9G
2021-03-08 19:11:47,343 - INFO - allennlp.training.trainer - GPU 0 memory usage: 4.4G
2021-03-08 19:11:47,344 - INFO - allennlp.training.trainer - Training
acc: 0.3393, background_labelF: 0.4743, method_labelF: 0.2898, result_labelF: 0.1773, objective_labelF: 0.0000, other_labelF: 0.0000, avgF: 0.1883, batch_loss: 0.8633, loss: 0.9021 ||:  78%|#######7  | 7/9 [01:13<00:20, 10.35s/it]2021-03-08 19:13:01,947 - WARNING - sequential_sentence_classification.model - Found 33 labels but 32 sentences
acc: 0.3459, background_labelF: 0.4846, method_labelF: 0.2925, result_labelF: 0.1580, objective_labelF: 0.0000, other_labelF: 0.0000, avgF: 0.1870, batch_loss: 0.8689, loss: 0.8924 ||: 100%|##########| 9/9 [01:28<00:00,  9.83s/it]
2021-03-08 19:13:17,241 - INFO - allennlp.training.trainer - Validating
acc: 0.3514, background_labelF: 0.5159, method_labelF: 0.1080, result_labelF: 0.0000, objective_labelF: 0.0000, other_labelF: 0.0000, avgF: 0.1248, batch_loss: 0.7414, loss: 0.8403 ||: 100%|##########| 74/74 [00:05<00:00, 12.69it/s]
2021-03-08 19:13:25,917 - INFO - allennlp.training.checkpointer - Best validation performance so far. Copying weights to './run_sep//best.th'.
2021-03-08 19:13:29,873 - INFO - allennlp.training.trainer - Epoch duration: 0:01:42.531063
2021-03-08 19:13:29,874 - INFO - allennlp.training.trainer - Estimated training time remaining: 0:46:00
2021-03-08 19:13:29,874 - INFO - allennlp.training.trainer - Epoch 2/29
2021-03-08 19:13:29,874 - INFO - allennlp.training.trainer - Worker 0 memory usage: 3.9G
2021-03-08 19:13:29,874 - INFO - allennlp.training.trainer - GPU 0 memory usage: 4.8G
2021-03-08 19:13:29,875 - INFO - allennlp.training.trainer - Training
acc: 0.3942, background_labelF: 0.5389, method_labelF: 0.3845, result_labelF: 0.0000, objective_labelF: 0.0000, other_labelF: 0.0000, avgF: 0.1847, batch_loss: 0.8569, loss: 0.8585 ||:  44%|####4     | 4/9 [00:41<00:52, 10.40s/it]2021-03-08 19:14:16,654 - WARNING - sequential_sentence_classification.model - Found 27 labels but 26 sentences
acc: 0.4375, background_labelF: 0.5860, method_labelF: 0.4603, result_labelF: 0.0025, objective_labelF: 0.0000, other_labelF: 0.0000, avgF: 0.2098, batch_loss: 0.7678, loss: 0.8305 ||: 100%|##########| 9/9 [01:28<00:00,  9.80s/it]
2021-03-08 19:14:59,601 - INFO - allennlp.training.trainer - Validating
acc: 0.4980, background_labelF: 0.6843, method_labelF: 0.5161, result_labelF: 0.0000, objective_labelF: 0.0000, other_labelF: 0.0000, avgF: 0.2401, batch_loss: 1.0257, loss: 0.7519 ||: 100%|##########| 74/74 [00:05<00:00, 12.93it/s]
2021-03-08 19:15:08,213 - INFO - allennlp.training.checkpointer - Best validation performance so far. Copying weights to './run_sep//best.th'.
2021-03-08 19:15:10,296 - INFO - allennlp.training.trainer - Epoch duration: 0:01:40.422275
2021-03-08 19:15:10,296 - INFO - allennlp.training.trainer - Estimated training time remaining: 0:44:38
2021-03-08 19:15:10,296 - INFO - allennlp.training.trainer - Epoch 3/29
2021-03-08 19:15:10,297 - INFO - allennlp.training.trainer - Worker 0 memory usage: 3.9G
2021-03-08 19:15:10,297 - INFO - allennlp.training.trainer - GPU 0 memory usage: 4.8G
2021-03-08 19:15:10,299 - INFO - allennlp.training.trainer - Training
acc: 0.5185, background_labelF: 0.6798, method_labelF: 0.5415, result_labelF: 0.2304, objective_labelF: 0.0000, other_labelF: 0.0000, avgF: 0.2903, batch_loss: 0.6869, loss: 0.7320 ||:  67%|######6   | 6/9 [01:04<00:31, 10.65s/it]2021-03-08 19:16:24,747 - WARNING - sequential_sentence_classification.model - Found 31 labels but 30 sentences
acc: 0.5379, background_labelF: 0.6957, method_labelF: 0.5536, result_labelF: 0.3242, objective_labelF: 0.0000, other_labelF: 0.0000, avgF: 0.3147, batch_loss: 0.6188, loss: 0.7069 ||: 100%|##########| 9/9 [01:28<00:00,  9.84s/it]
2021-03-08 19:16:40,293 - INFO - allennlp.training.trainer - Validating
acc: 0.6081, background_labelF: 0.7434, method_labelF: 0.6049, result_labelF: 0.5842, objective_labelF: 0.0000, other_labelF: 0.0294, avgF: 0.3924, batch_loss: 0.5057, loss: 0.6141 ||: 100%|##########| 74/74 [00:05<00:00, 12.69it/s]
2021-03-08 19:16:49,271 - INFO - allennlp.training.checkpointer - Best validation performance so far. Copying weights to './run_sep//best.th'.
2021-03-08 19:16:50,977 - INFO - allennlp.training.trainer - Epoch duration: 0:01:40.680346
2021-03-08 19:16:50,977 - INFO - allennlp.training.trainer - Estimated training time remaining: 0:43:08
2021-03-08 19:16:50,977 - INFO - allennlp.training.trainer - Epoch 4/29
2021-03-08 19:16:50,977 - INFO - allennlp.training.trainer - Worker 0 memory usage: 3.9G
2021-03-08 19:16:50,978 - INFO - allennlp.training.trainer - GPU 0 memory usage: 4.8G
2021-03-08 19:16:50,979 - INFO - allennlp.training.trainer - Training
acc: 0.6053, background_labelF: 0.7377, method_labelF: 0.6181, result_labelF: 0.5766, objective_labelF: 0.0000, other_labelF: 0.0000, avgF: 0.3865, batch_loss: 0.6205, loss: 0.6325 ||:  22%|##2       | 2/9 [00:21<01:16, 10.90s/it]2021-03-08 19:17:18,751 - WARNING - sequential_sentence_classification.model - Found 31 labels but 30 sentences
acc: 0.6172, background_labelF: 0.7479, method_labelF: 0.6224, result_labelF: 0.5929, objective_labelF: 0.0000, other_labelF: 0.0767, avgF: 0.4080, batch_loss: 0.5381, loss: 0.5922 ||: 100%|##########| 9/9 [01:28<00:00,  9.79s/it]
2021-03-08 19:18:20,559 - INFO - allennlp.training.trainer - Validating
acc: 0.6347, background_labelF: 0.7666, method_labelF: 0.6243, result_labelF: 0.6197, objective_labelF: 0.0000, other_labelF: 0.4719, avgF: 0.4965, batch_loss: 0.5382, loss: 0.5409 ||: 100%|##########| 74/74 [00:05<00:00, 12.55it/s]
2021-03-08 19:18:29,468 - INFO - allennlp.training.checkpointer - Best validation performance so far. Copying weights to './run_sep//best.th'.
2021-03-08 19:18:31,905 - INFO - allennlp.training.trainer - Epoch duration: 0:01:40.928158
2021-03-08 19:18:31,906 - INFO - allennlp.training.trainer - Estimated training time remaining: 0:41:36
2021-03-08 19:18:31,906 - INFO - allennlp.training.trainer - Epoch 5/29
2021-03-08 19:18:31,906 - INFO - allennlp.training.trainer - Worker 0 memory usage: 3.9G
2021-03-08 19:18:31,906 - INFO - allennlp.training.trainer - GPU 0 memory usage: 4.8G
2021-03-08 19:18:31,907 - INFO - allennlp.training.trainer - Training
acc: 0.6435, background_labelF: 0.7672, method_labelF: 0.6383, result_labelF: 0.6389, objective_labelF: 0.0055, other_labelF: 0.4750, avgF: 0.5050, batch_loss: 0.5003, loss: 0.5335 ||:  78%|#######7  | 7/9 [01:13<00:21, 10.51s/it]2021-03-08 19:19:52,951 - WARNING - sequential_sentence_classification.model - Found 26 labels but 25 sentences
acc: 0.6434, background_labelF: 0.7691, method_labelF: 0.6378, result_labelF: 0.6404, objective_labelF: 0.0045, other_labelF: 0.4658, avgF: 0.5035, batch_loss: 0.4936, loss: 0.5279 ||: 100%|##########| 9/9 [01:28<00:00,  9.80s/it]
2021-03-08 19:20:01,665 - INFO - allennlp.training.trainer - Validating
acc: 0.6545, background_labelF: 0.7876, method_labelF: 0.6328, result_labelF: 0.6579, objective_labelF: 0.0082, other_labelF: 0.5376, avgF: 0.5248, batch_loss: 0.5486, loss: 0.5099 ||: 100%|##########| 74/74 [00:05<00:00, 12.92it/s]
2021-03-08 19:20:10,323 - INFO - allennlp.training.checkpointer - Best validation performance so far. Copying weights to './run_sep//best.th'.
2021-03-08 19:20:13,131 - INFO - allennlp.training.trainer - Epoch duration: 0:01:41.225123
2021-03-08 19:20:13,131 - INFO - allennlp.training.trainer - Estimated training time remaining: 0:40:01
2021-03-08 19:20:13,131 - INFO - allennlp.training.trainer - Epoch 6/29
2021-03-08 19:20:13,131 - INFO - allennlp.training.trainer - Worker 0 memory usage: 3.9G
2021-03-08 19:20:13,132 - INFO - allennlp.training.trainer - GPU 0 memory usage: 4.8G
2021-03-08 19:20:13,133 - INFO - allennlp.training.trainer - Training
acc: 0.6602, background_labelF: 0.7828, method_labelF: 0.6482, result_labelF: 0.6670, objective_labelF: 0.0455, other_labelF: 0.5727, avgF: 0.5432, batch_loss: 0.4860, loss: 0.4954 ||:  78%|#######7  | 7/9 [01:14<00:20, 10.46s/it]2021-03-08 19:21:28,617 - WARNING - sequential_sentence_classification.model - Found 29 labels but 28 sentences
acc: 0.6610, background_labelF: 0.7865, method_labelF: 0.6497, result_labelF: 0.6624, objective_labelF: 0.0450, other_labelF: 0.5714, avgF: 0.5430, batch_loss: 0.5272, loss: 0.4962 ||: 100%|##########| 9/9 [01:28<00:00,  9.85s/it]
2021-03-08 19:21:43,170 - INFO - allennlp.training.trainer - Validating
acc: 0.6579, background_labelF: 0.7921, method_labelF: 0.6389, result_labelF: 0.6396, objective_labelF: 0.0923, other_labelF: 0.5773, avgF: 0.5480, batch_loss: 0.4536, loss: 0.4911 ||: 100%|##########| 74/74 [00:05<00:00, 13.18it/s]
2021-03-08 19:21:51,587 - INFO - allennlp.training.checkpointer - Best validation performance so far. Copying weights to './run_sep//best.th'.
2021-03-08 19:21:54,485 - INFO - allennlp.training.trainer - Epoch duration: 0:01:41.353332
2021-03-08 19:21:54,485 - INFO - allennlp.training.trainer - Estimated training time remaining: 0:38:25
2021-03-08 19:21:54,485 - INFO - allennlp.training.trainer - Epoch 7/29
2021-03-08 19:21:54,485 - INFO - allennlp.training.trainer - Worker 0 memory usage: 3.9G
2021-03-08 19:21:54,485 - INFO - allennlp.training.trainer - GPU 0 memory usage: 4.8G
2021-03-08 19:21:54,487 - INFO - allennlp.training.trainer - Training
acc: 0.6697, background_labelF: 0.7856, method_labelF: 0.6622, result_labelF: 0.6733, objective_labelF: 0.1206, other_labelF: 0.6194, avgF: 0.5722, batch_loss: 0.4701, loss: 0.4735 ||:  67%|######6   | 6/9 [01:02<00:31, 10.50s/it]2021-03-08 19:23:00,996 - WARNING - sequential_sentence_classification.model - Found 25 labels but 24 sentences
acc: 0.6706, background_labelF: 0.7886, method_labelF: 0.6585, result_labelF: 0.6743, objective_labelF: 0.1339, other_labelF: 0.6208, avgF: 0.5752, batch_loss: 0.4421, loss: 0.4707 ||: 100%|##########| 9/9 [01:27<00:00,  9.75s/it]
2021-03-08 19:23:23,784 - INFO - allennlp.training.trainer - Validating
acc: 0.6629, background_labelF: 0.7952, method_labelF: 0.6368, result_labelF: 0.6593, objective_labelF: 0.1566, other_labelF: 0.6078, avgF: 0.5712, batch_loss: 0.4535, loss: 0.4835 ||: 100%|##########| 74/74 [00:05<00:00, 12.68it/s]
2021-03-08 19:23:32,806 - INFO - allennlp.training.checkpointer - Best validation performance so far. Copying weights to './run_sep//best.th'.
2021-03-08 19:23:34,594 - INFO - allennlp.training.trainer - Epoch duration: 0:01:40.109001
2021-03-08 19:23:34,594 - INFO - allennlp.training.trainer - Estimated training time remaining: 0:36:45
2021-03-08 19:23:34,594 - INFO - allennlp.training.trainer - Epoch 8/29
2021-03-08 19:23:34,594 - INFO - allennlp.training.trainer - Worker 0 memory usage: 3.9G
2021-03-08 19:23:34,595 - INFO - allennlp.training.trainer - GPU 0 memory usage: 4.8G
2021-03-08 19:23:34,596 - INFO - allennlp.training.trainer - Training
  0%|          | 0/9 [00:00<?, ?it/s]2021-03-08 19:23:40,183 - WARNING - sequential_sentence_classification.model - Found 35 labels but 34 sentences
acc: 0.6790, background_labelF: 0.7931, method_labelF: 0.6701, result_labelF: 0.6733, objective_labelF: 0.1958, other_labelF: 0.6655, avgF: 0.5996, batch_loss: 0.4849, loss: 0.4569 ||: 100%|##########| 9/9 [01:28<00:00,  9.83s/it]
2021-03-08 19:25:04,658 - INFO - allennlp.training.trainer - Validating
acc: 0.6688, background_labelF: 0.8008, method_labelF: 0.6260, result_labelF: 0.6797, objective_labelF: 0.2112, other_labelF: 0.6545, avgF: 0.5945, batch_loss: 0.6030, loss: 0.4734 ||: 100%|##########| 74/74 [00:05<00:00, 12.76it/s]
2021-03-08 19:25:13,667 - INFO - allennlp.training.checkpointer - Best validation performance so far. Copying weights to './run_sep//best.th'.
2021-03-08 19:25:15,448 - INFO - allennlp.training.trainer - Epoch duration: 0:01:40.853414
2021-03-08 19:25:15,448 - INFO - allennlp.training.trainer - Estimated training time remaining: 0:35:06
2021-03-08 19:25:15,448 - INFO - allennlp.training.trainer - Epoch 9/29
2021-03-08 19:25:15,448 - INFO - allennlp.training.trainer - Worker 0 memory usage: 3.9G
2021-03-08 19:25:15,449 - INFO - allennlp.training.trainer - GPU 0 memory usage: 4.8G
2021-03-08 19:25:15,450 - INFO - allennlp.training.trainer - Training
  0%|          | 0/9 [00:00<?, ?it/s]2021-03-08 19:25:19,859 - WARNING - sequential_sentence_classification.model - Found 30 labels but 29 sentences
acc: 0.6902, background_labelF: 0.7985, method_labelF: 0.6756, result_labelF: 0.6970, objective_labelF: 0.2585, other_labelF: 0.6955, avgF: 0.6250, batch_loss: 0.4037, loss: 0.4392 ||: 100%|##########| 9/9 [01:27<00:00,  9.76s/it]
2021-03-08 19:26:44,869 - INFO - allennlp.training.trainer - Validating
acc: 0.6772, background_labelF: 0.7997, method_labelF: 0.6455, result_labelF: 0.6741, objective_labelF: 0.2769, other_labelF: 0.6545, avgF: 0.6102, batch_loss: 0.2995, loss: 0.4593 ||: 100%|##########| 74/74 [00:05<00:00, 12.85it/s]
2021-03-08 19:26:53,559 - INFO - allennlp.training.checkpointer - Best validation performance so far. Copying weights to './run_sep//best.th'.
2021-03-08 19:26:56,229 - INFO - allennlp.training.trainer - Epoch duration: 0:01:40.780666
2021-03-08 19:26:56,229 - INFO - allennlp.training.trainer - Estimated training time remaining: 0:33:27
2021-03-08 19:26:56,229 - INFO - allennlp.training.trainer - Epoch 10/29
2021-03-08 19:26:56,229 - INFO - allennlp.training.trainer - Worker 0 memory usage: 3.9G
2021-03-08 19:26:56,230 - INFO - allennlp.training.trainer - GPU 0 memory usage: 4.8G
2021-03-08 19:26:56,231 - INFO - allennlp.training.trainer - Training
  0%|          | 0/9 [00:00<?, ?it/s]2021-03-08 19:26:59,325 - WARNING - sequential_sentence_classification.model - Found 34 labels but 33 sentences
acc: 0.6975, background_labelF: 0.8036, method_labelF: 0.6837, result_labelF: 0.7011, objective_labelF: 0.2797, other_labelF: 0.7063, avgF: 0.6349, batch_loss: 0.4108, loss: 0.4287 ||: 100%|##########| 9/9 [01:28<00:00,  9.84s/it]
2021-03-08 19:28:26,276 - INFO - allennlp.training.trainer - Validating
acc: 0.6747, background_labelF: 0.8006, method_labelF: 0.6397, result_labelF: 0.6877, objective_labelF: 0.2484, other_labelF: 0.6486, avgF: 0.6050, batch_loss: 0.6930, loss: 0.4641 ||: 100%|##########| 74/74 [00:05<00:00, 12.82it/s]
2021-03-08 19:28:35,010 - INFO - allennlp.training.trainer - Epoch duration: 0:01:38.780652
2021-03-08 19:28:35,010 - INFO - allennlp.training.trainer - Estimated training time remaining: 0:31:44
2021-03-08 19:28:35,010 - INFO - allennlp.training.trainer - Epoch 11/29
2021-03-08 19:28:35,010 - INFO - allennlp.training.trainer - Worker 0 memory usage: 3.9G
2021-03-08 19:28:35,011 - INFO - allennlp.training.trainer - GPU 0 memory usage: 4.8G
2021-03-08 19:28:35,013 - INFO - allennlp.training.trainer - Training
acc: 0.7075, background_labelF: 0.8082, method_labelF: 0.6937, result_labelF: 0.7171, objective_labelF: 0.3072, other_labelF: 0.7812, avgF: 0.6615, batch_loss: 0.4033, loss: 0.4152 ||:  33%|###3      | 3/9 [00:32<01:05, 10.84s/it]2021-03-08 19:29:13,540 - WARNING - sequential_sentence_classification.model - Found 29 labels but 28 sentences
acc: 0.7027, background_labelF: 0.8084, method_labelF: 0.6896, result_labelF: 0.7092, objective_labelF: 0.3173, other_labelF: 0.7042, avgF: 0.6457, batch_loss: 0.4252, loss: 0.4211 ||: 100%|##########| 9/9 [01:27<00:00,  9.76s/it]
2021-03-08 19:30:04,372 - INFO - allennlp.training.trainer - Validating
acc: 0.6856, background_labelF: 0.8006, method_labelF: 0.6507, result_labelF: 0.6874, objective_labelF: 0.3536, other_labelF: 0.6607, avgF: 0.6306, batch_loss: 0.7571, loss: 0.4587 ||: 100%|##########| 74/74 [00:05<00:00, 13.18it/s]
2021-03-08 19:30:12,883 - INFO - allennlp.training.checkpointer - Best validation performance so far. Copying weights to './run_sep//best.th'.
2021-03-08 19:30:15,667 - INFO - allennlp.training.trainer - Epoch duration: 0:01:40.656893
2021-03-08 19:30:15,667 - INFO - allennlp.training.trainer - Estimated training time remaining: 0:30:04
2021-03-08 19:30:15,668 - INFO - allennlp.training.trainer - Epoch 12/29
2021-03-08 19:30:15,668 - INFO - allennlp.training.trainer - Worker 0 memory usage: 3.9G
2021-03-08 19:30:15,668 - INFO - allennlp.training.trainer - GPU 0 memory usage: 4.8G
2021-03-08 19:30:15,670 - INFO - allennlp.training.trainer - Training
  0%|          | 0/9 [00:00<?, ?it/s]2021-03-08 19:30:19,901 - WARNING - sequential_sentence_classification.model - Found 34 labels but 33 sentences
acc: 0.7067, background_labelF: 0.8069, method_labelF: 0.6933, result_labelF: 0.7129, objective_labelF: 0.3455, other_labelF: 0.7072, avgF: 0.6532, batch_loss: 0.3977, loss: 0.4115 ||: 100%|##########| 9/9 [01:28<00:00,  9.81s/it]
2021-03-08 19:31:45,261 - INFO - allennlp.training.trainer - Validating
acc: 0.6782, background_labelF: 0.7966, method_labelF: 0.6423, result_labelF: 0.6861, objective_labelF: 0.3246, other_labelF: 0.6607, avgF: 0.6221, batch_loss: 0.4868, loss: 0.4528 ||: 100%|##########| 74/74 [00:05<00:00, 12.92it/s]
2021-03-08 19:31:53,979 - INFO - allennlp.training.trainer - Epoch duration: 0:01:38.311784
2021-03-08 19:31:53,980 - INFO - allennlp.training.trainer - Estimated training time remaining: 0:28:21
2021-03-08 19:31:53,980 - INFO - allennlp.training.trainer - Epoch 13/29
2021-03-08 19:31:53,980 - INFO - allennlp.training.trainer - Worker 0 memory usage: 3.9G
2021-03-08 19:31:53,980 - INFO - allennlp.training.trainer - GPU 0 memory usage: 4.8G
2021-03-08 19:31:53,982 - INFO - allennlp.training.trainer - Training
acc: 0.7170, background_labelF: 0.8156, method_labelF: 0.7038, result_labelF: 0.7174, objective_labelF: 0.3885, other_labelF: 0.7162, avgF: 0.6683, batch_loss: 0.3788, loss: 0.3992 ||:  67%|######6   | 6/9 [01:03<00:31, 10.44s/it]2021-03-08 19:32:58,372 - WARNING - sequential_sentence_classification.model - Found 34 labels but 33 sentences
acc: 0.7174, background_labelF: 0.8146, method_labelF: 0.7046, result_labelF: 0.7208, objective_labelF: 0.3872, other_labelF: 0.7129, avgF: 0.6680, batch_loss: 0.4203, loss: 0.4034 ||: 100%|##########| 9/9 [01:28<00:00,  9.78s/it]
2021-03-08 19:33:23,383 - INFO - allennlp.training.trainer - Validating
acc: 0.6856, background_labelF: 0.7986, method_labelF: 0.6515, result_labelF: 0.6850, objective_labelF: 0.3804, other_labelF: 0.6607, avgF: 0.6353, batch_loss: 0.5354, loss: 0.4490 ||: 100%|##########| 74/74 [00:05<00:00, 12.88it/s]
2021-03-08 19:33:32,051 - INFO - allennlp.training.trainer - Epoch duration: 0:01:38.070623
2021-03-08 19:33:32,051 - INFO - allennlp.training.trainer - Estimated training time remaining: 0:26:39
2021-03-08 19:33:32,051 - INFO - allennlp.training.trainer - Epoch 14/29
2021-03-08 19:33:32,051 - INFO - allennlp.training.trainer - Worker 0 memory usage: 3.9G
2021-03-08 19:33:32,051 - INFO - allennlp.training.trainer - GPU 0 memory usage: 4.8G
2021-03-08 19:33:32,053 - INFO - allennlp.training.trainer - Training
acc: 0.7247, background_labelF: 0.8187, method_labelF: 0.7149, result_labelF: 0.7225, objective_labelF: 0.4084, other_labelF: 0.7439, avgF: 0.6817, batch_loss: 0.4260, loss: 0.3928 ||:  78%|#######7  | 7/9 [01:13<00:21, 10.54s/it]2021-03-08 19:34:52,229 - WARNING - sequential_sentence_classification.model - Found 29 labels but 28 sentences
acc: 0.7218, background_labelF: 0.8195, method_labelF: 0.7113, result_labelF: 0.7192, objective_labelF: 0.4058, other_labelF: 0.7215, avgF: 0.6755, batch_loss: 0.3886, loss: 0.3932 ||: 100%|##########| 9/9 [01:28<00:00,  9.81s/it]
2021-03-08 19:35:01,730 - INFO - allennlp.training.trainer - Validating
acc: 0.6841, background_labelF: 0.7969, method_labelF: 0.6444, result_labelF: 0.6926, objective_labelF: 0.3700, other_labelF: 0.6667, avgF: 0.6341, batch_loss: 0.4310, loss: 0.4533 ||: 100%|##########| 74/74 [00:05<00:00, 13.07it/s]
2021-03-08 19:35:10,412 - INFO - allennlp.training.trainer - Epoch duration: 0:01:38.360664
2021-03-08 19:35:10,412 - INFO - allennlp.training.trainer - Estimated training time remaining: 0:24:57
2021-03-08 19:35:10,412 - INFO - allennlp.training.trainer - Epoch 15/29
2021-03-08 19:35:10,412 - INFO - allennlp.training.trainer - Worker 0 memory usage: 3.9G
2021-03-08 19:35:10,412 - INFO - allennlp.training.trainer - GPU 0 memory usage: 4.8G
2021-03-08 19:35:10,414 - INFO - allennlp.training.trainer - Training
acc: 0.7325, background_labelF: 0.8273, method_labelF: 0.7106, result_labelF: 0.7557, objective_labelF: 0.3918, other_labelF: 0.7639, avgF: 0.6898, batch_loss: 0.3706, loss: 0.3771 ||:  22%|##2       | 2/9 [00:21<01:14, 10.58s/it]2021-03-08 19:35:41,980 - WARNING - sequential_sentence_classification.model - Found 32 labels but 31 sentences
acc: 0.7212, background_labelF: 0.8153, method_labelF: 0.7089, result_labelF: 0.7245, objective_labelF: 0.4081, other_labelF: 0.7244, avgF: 0.6762, batch_loss: 0.3897, loss: 0.3902 ||: 100%|##########| 9/9 [01:27<00:00,  9.76s/it]
2021-03-08 19:36:39,505 - INFO - allennlp.training.trainer - Validating
acc: 0.6856, background_labelF: 0.7986, method_labelF: 0.6548, result_labelF: 0.6837, objective_labelF: 0.3926, other_labelF: 0.6552, avgF: 0.6370, batch_loss: 0.4305, loss: 0.4513 ||: 100%|##########| 74/74 [00:05<00:00, 12.63it/s]
2021-03-08 19:36:48,423 - INFO - allennlp.training.trainer - Epoch duration: 0:01:38.011407
2021-03-08 19:36:48,424 - INFO - allennlp.training.trainer - Estimated training time remaining: 0:23:16
2021-03-08 19:36:48,424 - INFO - allennlp.training.trainer - Epoch 16/29
2021-03-08 19:36:48,424 - INFO - allennlp.training.trainer - Worker 0 memory usage: 3.9G
2021-03-08 19:36:48,424 - INFO - allennlp.training.trainer - GPU 0 memory usage: 4.8G
2021-03-08 19:36:48,425 - INFO - allennlp.training.trainer - Training
acc: 0.7270, background_labelF: 0.8250, method_labelF: 0.7101, result_labelF: 0.7262, objective_labelF: 0.4366, other_labelF: 0.7120, avgF: 0.6820, batch_loss: 0.3703, loss: 0.3863 ||:  44%|####4     | 4/9 [00:42<00:53, 10.62s/it]2021-03-08 19:37:40,548 - WARNING - sequential_sentence_classification.model - Found 31 labels but 30 sentences
acc: 0.7268, background_labelF: 0.8210, method_labelF: 0.7131, result_labelF: 0.7306, objective_labelF: 0.4338, other_labelF: 0.7259, avgF: 0.6849, batch_loss: 0.3587, loss: 0.3828 ||: 100%|##########| 9/9 [01:27<00:00,  9.77s/it]
2021-03-08 19:38:17,803 - INFO - allennlp.training.trainer - Validating
acc: 0.6866, background_labelF: 0.7946, method_labelF: 0.6509, result_labelF: 0.6986, objective_labelF: 0.3939, other_labelF: 0.6552, avgF: 0.6386, batch_loss: 0.2690, loss: 0.4499 ||: 100%|##########| 74/74 [00:05<00:00, 13.03it/s]
2021-03-08 19:38:26,427 - INFO - allennlp.training.checkpointer - Best validation performance so far. Copying weights to './run_sep//best.th'.
2021-03-08 19:38:28,745 - INFO - allennlp.training.trainer - Epoch duration: 0:01:40.321666
2021-03-08 19:38:28,746 - INFO - allennlp.training.trainer - Estimated training time remaining: 0:21:36
2021-03-08 19:38:28,746 - INFO - allennlp.training.trainer - Epoch 17/29
2021-03-08 19:38:28,746 - INFO - allennlp.training.trainer - Worker 0 memory usage: 3.9G
2021-03-08 19:38:28,746 - INFO - allennlp.training.trainer - GPU 0 memory usage: 4.8G
2021-03-08 19:38:28,748 - INFO - allennlp.training.trainer - Training
acc: 0.7293, background_labelF: 0.8230, method_labelF: 0.7167, result_labelF: 0.7281, objective_labelF: 0.4267, other_labelF: 0.7528, avgF: 0.6895, batch_loss: 0.3732, loss: 0.3799 ||:  78%|#######7  | 7/9 [01:14<00:21, 10.59s/it]2021-03-08 19:39:43,316 - WARNING - sequential_sentence_classification.model - Found 32 labels but 31 sentences
acc: 0.7317, background_labelF: 0.8218, method_labelF: 0.7220, result_labelF: 0.7341, objective_labelF: 0.4242, other_labelF: 0.7450, avgF: 0.6894, batch_loss: 0.3670, loss: 0.3772 ||: 100%|##########| 9/9 [01:28<00:00,  9.84s/it]
2021-03-08 19:39:58,876 - INFO - allennlp.training.trainer - Validating
acc: 0.6816, background_labelF: 0.7925, method_labelF: 0.6456, result_labelF: 0.6956, objective_labelF: 0.3753, other_labelF: 0.6552, avgF: 0.6328, batch_loss: 0.4838, loss: 0.4493 ||: 100%|##########| 74/74 [00:05<00:00, 12.85it/s]
2021-03-08 19:40:07,607 - INFO - allennlp.training.trainer - Epoch duration: 0:01:38.861272
2021-03-08 19:40:07,607 - INFO - allennlp.training.trainer - Estimated training time remaining: 0:19:56
2021-03-08 19:40:07,607 - INFO - allennlp.training.trainer - Epoch 18/29
2021-03-08 19:40:07,607 - INFO - allennlp.training.trainer - Worker 0 memory usage: 3.9G
2021-03-08 19:40:07,608 - INFO - allennlp.training.trainer - GPU 0 memory usage: 4.8G
2021-03-08 19:40:07,609 - INFO - allennlp.training.trainer - Training
acc: 0.7245, background_labelF: 0.8215, method_labelF: 0.7104, result_labelF: 0.7317, objective_labelF: 0.3775, other_labelF: 0.7630, avgF: 0.6808, batch_loss: 0.3961, loss: 0.3803 ||:  33%|###3      | 3/9 [00:31<01:02, 10.42s/it]2021-03-08 19:40:45,326 - WARNING - sequential_sentence_classification.model - Found 27 labels but 26 sentences
acc: 0.7388, background_labelF: 0.8287, method_labelF: 0.7259, result_labelF: 0.7451, objective_labelF: 0.4490, other_labelF: 0.7442, avgF: 0.6986, batch_loss: 0.3675, loss: 0.3712 ||: 100%|##########| 9/9 [01:27<00:00,  9.76s/it]
2021-03-08 19:41:36,861 - INFO - allennlp.training.trainer - Validating
acc: 0.6876, background_labelF: 0.7929, method_labelF: 0.6568, result_labelF: 0.6914, objective_labelF: 0.4169, other_labelF: 0.6552, avgF: 0.6426, batch_loss: 0.5960, loss: 0.4507 ||: 100%|##########| 74/74 [00:05<00:00, 12.91it/s]
2021-03-08 19:41:45,503 - INFO - allennlp.training.checkpointer - Best validation performance so far. Copying weights to './run_sep//best.th'.
2021-03-08 19:41:47,856 - INFO - allennlp.training.trainer - Epoch duration: 0:01:40.248692
2021-03-08 19:41:47,856 - INFO - allennlp.training.trainer - Estimated training time remaining: 0:18:17
2021-03-08 19:41:47,856 - INFO - allennlp.training.trainer - Epoch 19/29
2021-03-08 19:41:47,857 - INFO - allennlp.training.trainer - Worker 0 memory usage: 3.9G
2021-03-08 19:41:47,857 - INFO - allennlp.training.trainer - GPU 0 memory usage: 4.8G
2021-03-08 19:41:47,858 - INFO - allennlp.training.trainer - Training
acc: 0.7373, background_labelF: 0.8266, method_labelF: 0.7273, result_labelF: 0.7286, objective_labelF: 0.4540, other_labelF: 0.7559, avgF: 0.6985, batch_loss: 0.3485, loss: 0.3681 ||:  67%|######6   | 6/9 [01:02<00:31, 10.41s/it]2021-03-08 19:42:53,161 - WARNING - sequential_sentence_classification.model - Found 31 labels but 30 sentences
acc: 0.7398, background_labelF: 0.8278, method_labelF: 0.7280, result_labelF: 0.7374, objective_labelF: 0.4605, other_labelF: 0.7652, avgF: 0.7038, batch_loss: 0.3518, loss: 0.3656 ||: 100%|##########| 9/9 [01:28<00:00,  9.78s/it]
2021-03-08 19:43:17,315 - INFO - allennlp.training.trainer - Validating
acc: 0.6826, background_labelF: 0.7942, method_labelF: 0.6482, result_labelF: 0.6862, objective_labelF: 0.4010, other_labelF: 0.6496, avgF: 0.6359, batch_loss: 0.5274, loss: 0.4503 ||: 100%|##########| 74/74 [00:05<00:00, 12.72it/s]
2021-03-08 19:43:26,020 - INFO - allennlp.training.trainer - Epoch duration: 0:01:38.163441
2021-03-08 19:43:26,020 - INFO - allennlp.training.trainer - Estimated training time remaining: 0:16:36
2021-03-08 19:43:26,020 - INFO - allennlp.training.trainer - Epoch 20/29
2021-03-08 19:43:26,020 - INFO - allennlp.training.trainer - Worker 0 memory usage: 3.9G
2021-03-08 19:43:26,021 - INFO - allennlp.training.trainer - GPU 0 memory usage: 4.8G
2021-03-08 19:43:26,022 - INFO - allennlp.training.trainer - Training
acc: 0.7542, background_labelF: 0.8424, method_labelF: 0.7465, result_labelF: 0.7465, objective_labelF: 0.4947, other_labelF: 0.7500, avgF: 0.7160, batch_loss: 0.3529, loss: 0.3560 ||:  44%|####4     | 4/9 [00:42<00:53, 10.70s/it]2021-03-08 19:44:12,668 - WARNING - sequential_sentence_classification.model - Found 36 labels but 35 sentences
acc: 0.7424, background_labelF: 0.8317, method_labelF: 0.7307, result_labelF: 0.7410, objective_labelF: 0.4774, other_labelF: 0.7550, avgF: 0.7072, batch_loss: 0.3360, loss: 0.3632 ||: 100%|##########| 9/9 [01:28<00:00,  9.83s/it]
2021-03-08 19:44:56,016 - INFO - allennlp.training.trainer - Validating
acc: 0.6871, background_labelF: 0.7951, method_labelF: 0.6568, result_labelF: 0.6903, objective_labelF: 0.4140, other_labelF: 0.6379, avgF: 0.6388, batch_loss: 0.3353, loss: 0.4497 ||: 100%|##########| 74/74 [00:05<00:00, 12.55it/s]
2021-03-08 19:45:04,902 - INFO - allennlp.training.trainer - Epoch duration: 0:01:38.881329
2021-03-08 19:45:04,902 - INFO - allennlp.training.trainer - Estimated training time remaining: 0:14:56
2021-03-08 19:45:04,902 - INFO - allennlp.training.trainer - Epoch 21/29
2021-03-08 19:45:04,902 - INFO - allennlp.training.trainer - Worker 0 memory usage: 3.9G
2021-03-08 19:45:04,902 - INFO - allennlp.training.trainer - GPU 0 memory usage: 4.8G
2021-03-08 19:45:04,903 - INFO - allennlp.training.trainer - Training
acc: 0.7485, background_labelF: 0.8296, method_labelF: 0.7494, result_labelF: 0.7444, objective_labelF: 0.4991, other_labelF: 0.7104, avgF: 0.7066, batch_loss: 0.3410, loss: 0.3714 ||:  22%|##2       | 2/9 [00:20<01:11, 10.16s/it]2021-03-08 19:45:26,718 - WARNING - sequential_sentence_classification.model - Found 25 labels but 24 sentences
acc: 0.7516, background_labelF: 0.8340, method_labelF: 0.7448, result_labelF: 0.7522, objective_labelF: 0.4786, other_labelF: 0.7558, avgF: 0.7131, batch_loss: 0.3706, loss: 0.3611 ||: 100%|##########| 9/9 [01:28<00:00,  9.79s/it]
2021-03-08 19:46:34,482 - INFO - allennlp.training.trainer - Validating
acc: 0.6831, background_labelF: 0.7925, method_labelF: 0.6529, result_labelF: 0.6893, objective_labelF: 0.3896, other_labelF: 0.6379, avgF: 0.6325, batch_loss: 0.2380, loss: 0.4537 ||: 100%|##########| 74/74 [00:05<00:00, 12.84it/s]
2021-03-08 19:46:43,264 - INFO - allennlp.training.trainer - Epoch duration: 0:01:38.361850
2021-03-08 19:46:43,264 - INFO - allennlp.training.trainer - Estimated training time remaining: 0:13:16
2021-03-08 19:46:43,264 - INFO - allennlp.training.trainer - Epoch 22/29
2021-03-08 19:46:43,265 - INFO - allennlp.training.trainer - Worker 0 memory usage: 3.9G
2021-03-08 19:46:43,265 - INFO - allennlp.training.trainer - GPU 0 memory usage: 4.8G
2021-03-08 19:46:43,267 - INFO - allennlp.training.trainer - Training
acc: 0.7509, background_labelF: 0.8338, method_labelF: 0.7426, result_labelF: 0.7521, objective_labelF: 0.4900, other_labelF: 0.7552, avgF: 0.7148, batch_loss: 0.3743, loss: 0.3561 ||:  78%|#######7  | 7/9 [01:13<00:20, 10.46s/it]2021-03-08 19:48:01,575 - WARNING - sequential_sentence_classification.model - Found 31 labels but 30 sentences
acc: 0.7504, background_labelF: 0.8353, method_labelF: 0.7392, result_labelF: 0.7532, objective_labelF: 0.4900, other_labelF: 0.7573, avgF: 0.7150, batch_loss: 0.3759, loss: 0.3582 ||: 100%|##########| 9/9 [01:27<00:00,  9.76s/it]
2021-03-08 19:48:12,419 - INFO - allennlp.training.trainer - Validating
acc: 0.6846, background_labelF: 0.7911, method_labelF: 0.6538, result_labelF: 0.6855, objective_labelF: 0.4303, other_labelF: 0.6435, avgF: 0.6408, batch_loss: 0.3803, loss: 0.4499 ||: 100%|##########| 74/74 [00:05<00:00, 12.72it/s]
2021-03-08 19:48:21,245 - INFO - allennlp.training.trainer - Epoch duration: 0:01:37.980694
2021-03-08 19:48:21,245 - INFO - allennlp.training.trainer - Estimated training time remaining: 0:11:36
2021-03-08 19:48:21,245 - INFO - allennlp.training.trainer - Epoch 23/29
2021-03-08 19:48:21,246 - INFO - allennlp.training.trainer - Worker 0 memory usage: 3.9G
2021-03-08 19:48:21,246 - INFO - allennlp.training.trainer - GPU 0 memory usage: 4.8G
2021-03-08 19:48:21,248 - INFO - allennlp.training.trainer - Training
acc: 0.7540, background_labelF: 0.8368, method_labelF: 0.7324, result_labelF: 0.7625, objective_labelF: 0.5050, other_labelF: 0.7791, avgF: 0.7231, batch_loss: 0.3467, loss: 0.3499 ||:  22%|##2       | 2/9 [00:21<01:14, 10.71s/it]2021-03-08 19:48:44,194 - WARNING - sequential_sentence_classification.model - Found 29 labels but 28 sentences
acc: 0.7499, background_labelF: 0.8336, method_labelF: 0.7395, result_labelF: 0.7558, objective_labelF: 0.4794, other_labelF: 0.7527, avgF: 0.7122, batch_loss: 0.3224, loss: 0.3508 ||: 100%|##########| 9/9 [01:28<00:00,  9.84s/it]
2021-03-08 19:49:51,294 - INFO - allennlp.training.trainer - Validating
acc: 0.6856, background_labelF: 0.7934, method_labelF: 0.6559, result_labelF: 0.6839, objective_labelF: 0.4268, other_labelF: 0.6435, avgF: 0.6407, batch_loss: 0.4819, loss: 0.4553 ||: 100%|##########| 74/74 [00:05<00:00, 13.12it/s]
2021-03-08 19:49:56,937 - INFO - allennlp.training.trainer - Ran out of patience.  Stopping training.
2021-03-08 19:49:56,937 - INFO - allennlp.training.checkpointer - loading best weights
2021-03-08 19:50:09,799 - INFO - allennlp.commands.train - The model will be evaluated using the best epoch weights.
2021-03-08 19:50:09,800 - INFO - allennlp.training.util - Iterating over dataset
acc: 0.82, background_labelF: 0.89, method_labelF: 0.81, result_labelF: 0.81, objective_labelF: 0.62, other_labelF: 0.85, avgF: 0.80, loss: 0.39 ||: : 57it [00:03, 15.03it/s]
2021-03-08 19:50:13,595 - INFO - allennlp.common.util - Metrics: {
  "best_epoch": 18,
  "peak_worker_0_memory_MB": 3971.94140625,
  "peak_gpu_0_memory_MB": 4948.80712890625,
  "training_duration": "0:38:05.548827",
  "training_start_epoch": 0,
  "training_epochs": 22,
  "epoch": 22,
  "training_acc": 0.7504412283798094,
  "training_background_labelF": 0.8352925181388855,
  "training_method_labelF": 0.7392272353172302,
  "training_result_labelF": 0.7532091736793518,
  "training_objective_labelF": 0.49000465869903564,
  "training_other_labelF": 0.7573416233062744,
  "training_avgF": 0.7150150418281556,
  "training_loss": 0.3581885903711534,
  "training_worker_0_memory_MB": 3971.94140625,
  "training_gpu_0_memory_MB": 4948.80712890625,
  "validation_acc": 0.6846001974333662,
  "validation_background_labelF": 0.7910663485527039,
  "validation_method_labelF": 0.6537567973136902,
  "validation_result_labelF": 0.6855123043060303,
  "validation_objective_labelF": 0.43031784892082214,
  "validation_other_labelF": 0.643478274345398,
  "validation_avgF": 0.6408263146877289,
  "validation_loss": 0.44993972033262253,
  "best_validation_acc": 0.6875616979269497,
  "best_validation_background_labelF": 0.7929328680038452,
  "best_validation_method_labelF": 0.6567862629890442,
  "best_validation_result_labelF": 0.6913875341415405,
  "best_validation_objective_labelF": 0.4168734550476074,
  "best_validation_other_labelF": 0.6551724076271057,
  "best_validation_avgF": 0.6426305055618287,
  "best_validation_loss": 0.4506901569060377,
  "test_acc": 0.8220904373610082,
  "test_background_labelF": 0.8915907144546509,
  "test_method_labelF": 0.811904788017273,
  "test_result_labelF": 0.8110404014587402,
  "test_objective_labelF": 0.6175438761711121,
  "test_other_labelF": 0.852173924446106,
  "test_avgF": 0.7968507409095764,
  "test_loss": 0.3875002403531158
}
2021-03-08 19:50:13,667 - INFO - allennlp.models.archival - archiving weights and vocabulary to ./run_sep/model.tar.gz